###############################################################
## Evolution started on Sun Jun  6 19:35:10 2021
###############################################################
0 	 0.0234717319 	 0.0034189136 	 0.0000000000
1 	 0.0236217794 	 0.0086592651 	 0.0000000000
2 	 0.0302670091 	 0.0113063293 	 0.0000000000
3 	 0.0302670091 	 0.0115291701 	 0.0000000000
4 	 0.0310570360 	 0.0147396288 	 0.0000000000
5 	 0.0314716315 	 0.0123464857 	 0.0000000000
6 	 0.0337375046 	 0.0149987589 	 0.0000000000
7 	 0.0542628628 	 0.0148038690 	 0.0000000000
8 	 0.0904881054 	 0.0174607903 	 0.0000000000
9 	 0.0904881054 	 0.0175747548 	 0.0000000000
10 	 0.0911695949 	 0.0196066352 	 0.0000000000
11 	 0.0911695949 	 0.0201952500 	 0.0000000000
12 	 0.0911695949 	 0.0205103600 	 0.0000000000
13 	 0.0917060332 	 0.0236128909 	 0.0000000000
14 	 0.0917060332 	 0.0149368308 	 0.0000000000
15 	 0.1307623487 	 0.0236893016 	 0.0000000000
16 	 0.1307623487 	 0.0203325986 	 0.0000000000
17 	 0.1307623487 	 0.0212754647 	 0.0000000000
18 	 0.1307623487 	 0.0257285667 	 0.0000000000
19 	 0.1307623487 	 0.0231756532 	 0.0000000000
20 	 0.3252051509 	 0.0296996616 	 0.0000000000
21 	 0.3252051509 	 0.0308098347 	 0.0000000000
22 	 0.3252051509 	 0.0348928238 	 0.0000000000
23 	 0.3446981683 	 0.0485272834 	 0.0000000000
24 	 0.3446981683 	 0.0416346670 	 0.0000000000
25 	 0.3446981683 	 0.0531013313 	 0.0000000000
26 	 0.3446981683 	 0.0531385904 	 0.0000000000
27 	 0.3446981683 	 0.0576483837 	 0.0000000000
28 	 0.3446981683 	 0.0486846127 	 0.0000000000
29 	 0.3446981683 	 0.0459024917 	 0.0000000000
30 	 0.3446981683 	 0.0568171419 	 0.0000000000
31 	 0.3446981683 	 0.0447475933 	 0.0000000000
32 	 0.3446981683 	 0.0507226216 	 0.0000000000
33 	 0.3446981683 	 0.0467396403 	 0.0000000000
34 	 0.3446981683 	 0.0491984045 	 0.0000000000
35 	 0.3446981683 	 0.0413209892 	 0.0000000000
36 	 0.3446981683 	 0.0497686127 	 0.0000000000
37 	 0.3446981683 	 0.0491595100 	 0.0000000000
38 	 0.3446981683 	 0.0498881606 	 0.0000000000
39 	 0.3446981683 	 0.0509642593 	 0.0000000000
40 	 0.3446981683 	 0.0496706504 	 0.0000000000
41 	 0.3446981683 	 0.0449937128 	 0.0000000000
42 	 0.3446981683 	 0.0409160505 	 0.0000000000
43 	 0.3446981683 	 0.0467899409 	 0.0000000000
44 	 0.3446981683 	 0.0436961787 	 0.0000000000
45 	 0.3446981683 	 0.0491403856 	 0.0000000000
46 	 0.3446981683 	 0.0460711596 	 0.0000000000
47 	 0.3446981683 	 0.0422891215 	 0.0000000000
48 	 0.3446981683 	 0.0528534431 	 0.0000000000
49 	 0.3446981683 	 0.0382483462 	 0.0000000000
50 	 0.3446981683 	 0.0498398987 	 0.0000000000
51 	 0.3446981683 	 0.0607904229 	 0.0000000000
52 	 0.3446981683 	 0.0467927153 	 0.0000000000
53 	 0.3446981683 	 0.0465315472 	 0.0000000000
54 	 0.3446981683 	 0.0389147526 	 0.0000000000
55 	 0.3446981683 	 0.0478847103 	 0.0000000000
56 	 0.3446981683 	 0.0563959234 	 0.0000000000
57 	 0.3446981683 	 0.0368375666 	 0.0000000000
58 	 0.3446981683 	 0.0349954452 	 0.0000000000
59 	 0.3446981683 	 0.0402736617 	 0.0000000000
60 	 0.3446981683 	 0.0467102076 	 0.0000000000
61 	 0.3446981683 	 0.0361251105 	 0.0000000000
62 	 0.3446981683 	 0.0518279687 	 0.0000000000
63 	 0.3446981683 	 0.0475498515 	 0.0000000000
64 	 0.3446981683 	 0.0389203205 	 0.0000000000
65 	 0.3446981683 	 0.0442150468 	 0.0000000000
66 	 0.3446981683 	 0.0431232512 	 0.0000000000
67 	 0.3446981683 	 0.0408016595 	 0.0000000000
68 	 0.3446981683 	 0.0434325614 	 0.0000000000
69 	 0.3446981683 	 0.0495929487 	 0.0000000000
70 	 0.3446981683 	 0.0462708919 	 0.0000000000
71 	 0.3446981683 	 0.0449655192 	 0.0000000000
72 	 0.3446981683 	 0.0393274763 	 0.0000000000
73 	 0.3446981683 	 0.0529444308 	 0.0000000000
74 	 0.3446981683 	 0.0379446661 	 0.0000000000
75 	 0.3446981683 	 0.0481354730 	 0.0000000000
76 	 0.3446981683 	 0.0470231909 	 0.0000000000
77 	 0.3446981683 	 0.0377135733 	 0.0000000000
78 	 0.3446981683 	 0.0418880951 	 0.0000000000
79 	 0.3446981683 	 0.0485920387 	 0.0000000000
80 	 0.3446981683 	 0.0475549717 	 0.0000000000
81 	 0.3446981683 	 0.0420828928 	 0.0000000000
82 	 0.3446981683 	 0.0439536484 	 0.0000000000
83 	 0.3446981683 	 0.0375682966 	 0.0000000000
84 	 0.3446981683 	 0.0445863020 	 0.0000000000
85 	 0.3446981683 	 0.0417518972 	 0.0000000000
86 	 0.3446981683 	 0.0578746548 	 0.0000000000
87 	 0.3446981683 	 0.0556509001 	 0.0000000000
88 	 0.3446981683 	 0.0440899101 	 0.0000000000
89 	 0.3446981683 	 0.0537104502 	 0.0000000000
90 	 0.3446981683 	 0.0505618980 	 0.0000000000
91 	 0.3446981683 	 0.0475404295 	 0.0000000000
92 	 0.3446981683 	 0.0440935380 	 0.0000000000
93 	 0.3446981683 	 0.0376375506 	 0.0000000000
94 	 0.3446981683 	 0.0575176405 	 0.0000000000
95 	 0.3491757528 	 0.0495578169 	 0.0000000000
96 	 0.3619364785 	 0.0640078040 	 0.0000000000
97 	 0.3619364785 	 0.0534024327 	 0.0000000000
98 	 0.3619364785 	 0.0548748426 	 0.0000000000
99 	 0.3619364785 	 0.0491625037 	 0.0000000000
100 	 0.3619364785 	 0.0465083464 	 0.0000000000
101 	 0.3619364785 	 0.0392414062 	 0.0000000000
102 	 0.3619364785 	 0.0586748007 	 0.0000000000
103 	 0.3619364785 	 0.0385314988 	 0.0000000000
104 	 0.3619364785 	 0.0495631428 	 0.0000000000
105 	 0.3619364785 	 0.0479188598 	 0.0000000000
106 	 0.3619364785 	 0.0663331317 	 0.0000000000
107 	 0.3619364785 	 0.0503173554 	 0.0000000000
108 	 0.3619364785 	 0.0572465589 	 0.0000000000
109 	 0.3619364785 	 0.0571193314 	 0.0000000000
110 	 0.3619364785 	 0.0474021587 	 0.0000000000
111 	 0.3619364785 	 0.0522134190 	 0.0000000000
112 	 0.3619364785 	 0.0386341054 	 0.0000000000
113 	 0.3619364785 	 0.0493061146 	 0.0000000000
114 	 0.3619364785 	 0.0614683687 	 0.0000000000
115 	 0.3619364785 	 0.0532384493 	 0.0000000000
116 	 0.3619364785 	 0.0698172031 	 0.0000000000
117 	 0.3619364785 	 0.0421280930 	 0.0000000000
118 	 0.3619364785 	 0.0478631663 	 0.0000000000
119 	 0.3619364785 	 0.0630475383 	 0.0000000000
120 	 0.3619364785 	 0.0620490434 	 0.0000000000
121 	 0.3619364785 	 0.0418838318 	 0.0000000000
122 	 0.3619364785 	 0.0500887771 	 0.0000000000
123 	 0.3619364785 	 0.0507353802 	 0.0000000000
124 	 0.3619364785 	 0.0391501528 	 0.0000000000
125 	 0.3619364785 	 0.0507356069 	 0.0000000000
126 	 0.3619364785 	 0.0420439435 	 0.0000000000
127 	 0.3619364785 	 0.0439135118 	 0.0000000000
128 	 0.3619364785 	 0.0657141248 	 0.0000000000
129 	 0.3619364785 	 0.0547828250 	 0.0000000000
130 	 0.3619364785 	 0.0434682988 	 0.0000000000
131 	 0.3619364785 	 0.0487380776 	 0.0000000000
132 	 0.3619364785 	 0.0462039242 	 0.0000000000
133 	 0.3619364785 	 0.0490261005 	 0.0000000000
134 	 0.3619364785 	 0.0431224008 	 0.0000000000
135 	 0.3619364785 	 0.0451606883 	 0.0000000000
136 	 0.3619364785 	 0.0714895728 	 0.0000000000
137 	 0.3619364785 	 0.0611019833 	 0.0000000000
138 	 0.3619364785 	 0.0860683726 	 0.0000000000
139 	 0.3619364785 	 0.0432150165 	 0.0000000000
140 	 0.3619364785 	 0.0476935537 	 0.0000000000
141 	 0.3619364785 	 0.0409991966 	 0.0000000000
142 	 0.3619364785 	 0.0594139908 	 0.0000000000
143 	 0.3619364785 	 0.0484910867 	 0.0000000000
144 	 0.3619364785 	 0.0714420617 	 0.0000000000
145 	 0.3619364785 	 0.0522135439 	 0.0000000000
146 	 0.3619364785 	 0.0415812494 	 0.0000000000
147 	 0.3619364785 	 0.0530388946 	 0.0000000000
148 	 0.3619364785 	 0.0625563269 	 0.0000000000
149 	 0.3619364785 	 0.0530748873 	 0.0000000000
150 	 0.3619364785 	 0.0548388091 	 0.0000000000
151 	 0.3619364785 	 0.0495289891 	 0.0000000000
152 	 0.3619364785 	 0.0531542232 	 0.0000000000
153 	 0.3619364785 	 0.0483319390 	 0.0000000000
154 	 0.3619364785 	 0.0531347258 	 0.0000000000
155 	 0.3619364785 	 0.0482120166 	 0.0000000000
156 	 0.3619364785 	 0.0382445765 	 0.0000000000
157 	 0.3619364785 	 0.0540990136 	 0.0000000000
158 	 0.3619364785 	 0.0465704159 	 0.0000000000
159 	 0.3619364785 	 0.0473683515 	 0.0000000000
160 	 0.3619364785 	 0.0449181828 	 0.0000000000
161 	 0.3619364785 	 0.0569277070 	 0.0000000000
162 	 0.3619364785 	 0.0570458778 	 0.0000000000
163 	 0.3619364785 	 0.0543485288 	 0.0000000000
164 	 0.3619364785 	 0.0512721654 	 0.0000000000
165 	 0.3619364785 	 0.0525396125 	 0.0000000000
166 	 0.3619364785 	 0.0431870559 	 0.0000000000
167 	 0.3619364785 	 0.0543962428 	 0.0000000000
168 	 0.3619364785 	 0.0745564277 	 0.0000000000
169 	 0.3619364785 	 0.0684189847 	 0.0000000000
170 	 0.3619364785 	 0.0621593764 	 0.0000000000
171 	 0.3669466817 	 0.0654172144 	 0.0000000000
172 	 0.3669466817 	 0.0668666836 	 0.0000000000
173 	 0.3669466817 	 0.0429603375 	 0.0000000000
174 	 0.3669466817 	 0.0653459369 	 0.0000000000
175 	 0.3669466817 	 0.0480877661 	 0.0000000000
176 	 0.3669466817 	 0.0605420197 	 0.0000000000
177 	 0.3669466817 	 0.0457806062 	 0.0000000000
178 	 0.3669466817 	 0.0412967931 	 0.0000000000
179 	 0.3669466817 	 0.0496611417 	 0.0000000000
180 	 0.3669466817 	 0.0440920320 	 0.0000000000
181 	 0.3669466817 	 0.0531522816 	 0.0000000000
182 	 0.3669466817 	 0.0495933552 	 0.0000000000
183 	 0.3669466817 	 0.0584191928 	 0.0000000000
184 	 0.3669466817 	 0.0499655060 	 0.0000000000
185 	 0.3669466817 	 0.0462025227 	 0.0000000000
186 	 0.3669466817 	 0.0636829354 	 0.0000000000
187 	 0.3669466817 	 0.0506165243 	 0.0000000000
188 	 0.3669466817 	 0.0544919022 	 0.0000000000
189 	 0.3669466817 	 0.0410625777 	 0.0000000000
190 	 0.3669466817 	 0.0567682006 	 0.0000000000
191 	 0.3669466817 	 0.0507030749 	 0.0000000000
192 	 0.3669466817 	 0.0481649837 	 0.0000000000
193 	 0.3669466817 	 0.0648179151 	 0.0000000000
194 	 0.3669466817 	 0.0466723402 	 0.0000000000
195 	 0.3669466817 	 0.0502217959 	 0.0000000000
196 	 0.3669466817 	 0.0478744682 	 0.0000000000
197 	 0.3669466817 	 0.0595828139 	 0.0000000000
198 	 0.3669466817 	 0.0436053907 	 0.0000000000
199 	 0.3669466817 	 0.0463432216 	 0.0000000000
200 	 0.3669466817 	 0.0561249418 	 0.0000000000
201 	 0.3669466817 	 0.0468193343 	 0.0000000000
202 	 0.3669466817 	 0.0645450096 	 0.0000000000
203 	 0.3669466817 	 0.0527853673 	 0.0000000000
204 	 0.3669466817 	 0.0578923711 	 0.0000000000
205 	 0.3669466817 	 0.0530896516 	 0.0000000000
206 	 0.3669466817 	 0.0487223284 	 0.0000000000
207 	 0.3669466817 	 0.0536181010 	 0.0000000000
208 	 0.3669466817 	 0.0484050685 	 0.0000000000
209 	 0.3669466817 	 0.0585248534 	 0.0000000000
210 	 0.3669466817 	 0.0450486124 	 0.0000000000
211 	 0.3669466817 	 0.0563228291 	 0.0000000000
212 	 0.3669466817 	 0.0456645597 	 0.0000000000
213 	 0.3669466817 	 0.0670179357 	 0.0000000000
214 	 0.3669466817 	 0.0678823011 	 0.0000000000
215 	 0.3669466817 	 0.0552924773 	 0.0000000000
216 	 0.3669466817 	 0.0446641359 	 0.0000000000
217 	 0.3669466817 	 0.0547388005 	 0.0000000000
218 	 0.3669466817 	 0.0482393111 	 0.0000000000
219 	 0.3669466817 	 0.0466969540 	 0.0000000000
220 	 0.3669466817 	 0.0624344014 	 0.0000000000
221 	 0.3669466817 	 0.0730123995 	 0.0000000000
222 	 0.3669466817 	 0.0455560595 	 0.0000000000
223 	 0.3669466817 	 0.0464400159 	 0.0000000000
224 	 0.3669466817 	 0.0518694026 	 0.0000000000
225 	 0.3669466817 	 0.0688446690 	 0.0000000000
226 	 0.3669466817 	 0.0572314690 	 0.0000000000
227 	 0.3669466817 	 0.0456220090 	 0.0000000000
228 	 0.3689238203 	 0.0537070772 	 0.0000000000
229 	 0.3689238203 	 0.0456881064 	 0.0000000000
230 	 0.3689238203 	 0.0413639261 	 0.0000000000
231 	 0.3689238203 	 0.0596742060 	 0.0000000000
232 	 0.3689238203 	 0.0654447393 	 0.0000000000
233 	 0.3689238203 	 0.0551450065 	 0.0000000000
234 	 0.3689238203 	 0.0477168722 	 0.0000000000
235 	 0.3689238203 	 0.0796919295 	 0.0000000000
236 	 0.3689238203 	 0.0440575509 	 0.0000000000
237 	 0.3689238203 	 0.0469764773 	 0.0000000000
238 	 0.3689238203 	 0.0500903822 	 0.0000000000
239 	 0.3689238203 	 0.0493273393 	 0.0000000000
240 	 0.3689238203 	 0.0412236832 	 0.0000000000
241 	 0.3689238203 	 0.0549971226 	 0.0000000000
242 	 0.3689238203 	 0.0535813927 	 0.0000000000
243 	 0.3689238203 	 0.0509845078 	 0.0000000000
244 	 0.3689238203 	 0.0456834136 	 0.0000000000
245 	 0.3689238203 	 0.0411494981 	 0.0000000000
246 	 0.3689238203 	 0.0610103767 	 0.0000000000
247 	 0.3689238203 	 0.0493201878 	 0.0000000000
248 	 0.3689238203 	 0.0469782087 	 0.0000000000
249 	 0.3689238203 	 0.0636768973 	 0.0000000000
250 	 0.3689238203 	 0.0540389256 	 0.0000000000
251 	 0.3689238203 	 0.0562317808 	 0.0000000000
252 	 0.3689238203 	 0.0596407446 	 0.0000000000
253 	 0.3689238203 	 0.0551448260 	 0.0000000000
254 	 0.3689238203 	 0.0396554467 	 0.0000000000
255 	 0.3689238203 	 0.0491789443 	 0.0000000000
256 	 0.3689238203 	 0.0492303584 	 0.0000000000
257 	 0.3689238203 	 0.0676936806 	 0.0000000000
258 	 0.3689238203 	 0.0522828444 	 0.0000000000
259 	 0.3689238203 	 0.0584734225 	 0.0000000000
260 	 0.3689238203 	 0.0503016883 	 0.0000000000
261 	 0.3689238203 	 0.0462814731 	 0.0000000000
262 	 0.3689238203 	 0.0597410621 	 0.0000000000
263 	 0.3689238203 	 0.0495772088 	 0.0000000000
264 	 0.3689238203 	 0.0619353819 	 0.0000000000
265 	 0.3689238203 	 0.0607526701 	 0.0000000000
266 	 0.3689238203 	 0.0552680040 	 0.0000000000
267 	 0.3689238203 	 0.0430247897 	 0.0000000000
268 	 0.3689238203 	 0.0511045462 	 0.0000000000
269 	 0.3689238203 	 0.0635156403 	 0.0000000000
270 	 0.3689238203 	 0.0550981493 	 0.0000000000
271 	 0.3689238203 	 0.0581185810 	 0.0000000000
272 	 0.3689238203 	 0.0587640707 	 0.0000000000
273 	 0.3689238203 	 0.0538468002 	 0.0000000000
274 	 0.3689238203 	 0.0525958088 	 0.0000000000
275 	 0.3689238203 	 0.0514829895 	 0.0000000000
276 	 0.3689238203 	 0.0411418764 	 0.0000000000
277 	 0.3689238203 	 0.0584974782 	 0.0000000000
278 	 0.3689238203 	 0.0409910477 	 0.0000000000
279 	 0.3689238203 	 0.0505857893 	 0.0000000000
280 	 0.3689238203 	 0.0653712213 	 0.0000000000
281 	 0.3689238203 	 0.0492097818 	 0.0000000000
282 	 0.3689238203 	 0.0646924053 	 0.0000000000
283 	 0.3689238203 	 0.0568032218 	 0.0000000000
284 	 0.3689238203 	 0.0442354070 	 0.0000000000
285 	 0.3689238203 	 0.0786456659 	 0.0000000000
286 	 0.3689238203 	 0.0633807835 	 0.0000000000
287 	 0.3689238203 	 0.0663062010 	 0.0000000000
288 	 0.3689238203 	 0.0586270620 	 0.0000000000
289 	 0.3689238203 	 0.0510931530 	 0.0000000000
290 	 0.3689238203 	 0.0468350450 	 0.0000000000
291 	 0.3689238203 	 0.0438195942 	 0.0000000000
292 	 0.3689238203 	 0.0552824191 	 0.0000000000
293 	 0.3689238203 	 0.0500644295 	 0.0000000000
294 	 0.3689238203 	 0.0421079552 	 0.0000000000
295 	 0.3689238203 	 0.0570985764 	 0.0000000000
296 	 0.3689238203 	 0.0415099334 	 0.0000000000
297 	 0.3689238203 	 0.0469915819 	 0.0000000000
298 	 0.3689238203 	 0.0523167557 	 0.0000000000
299 	 0.3689238203 	 0.0580680735 	 0.0000000000
300 	 0.3689238203 	 0.0647350467 	 0.0000000000
301 	 0.3689238203 	 0.0547981914 	 0.0000000000
302 	 0.3689238203 	 0.0557306298 	 0.0000000000
303 	 0.3689238203 	 0.0701043651 	 0.0000000000
304 	 0.3689238203 	 0.0412543939 	 0.0000000000
305 	 0.3689238203 	 0.0538779156 	 0.0000000000
306 	 0.3689238203 	 0.0476549800 	 0.0000000000
307 	 0.3689238203 	 0.0536843836 	 0.0000000000
308 	 0.3689238203 	 0.0585879045 	 0.0000000000
309 	 0.3689238203 	 0.0585382989 	 0.0000000000
310 	 0.3689238203 	 0.0523557564 	 0.0000000000
311 	 0.3689238203 	 0.0609478616 	 0.0000000000
312 	 0.3689238203 	 0.0424594340 	 0.0000000000
313 	 0.3689238203 	 0.0613255404 	 0.0000000000
314 	 0.3689238203 	 0.0498088004 	 0.0000000000
315 	 0.3689238203 	 0.0476681006 	 0.0000000000
316 	 0.3689238203 	 0.0555819264 	 0.0000000000
317 	 0.3689238203 	 0.0470173169 	 0.0000000000
318 	 0.3689238203 	 0.0571771697 	 0.0000000000
319 	 0.3689238203 	 0.0565356551 	 0.0000000000
320 	 0.3689238203 	 0.0372847720 	 0.0000000000
321 	 0.3689238203 	 0.0502372658 	 0.0000000000
322 	 0.3689238203 	 0.0522870036 	 0.0000000000
323 	 0.3689238203 	 0.0573651781 	 0.0000000000
324 	 0.3689238203 	 0.0571155412 	 0.0000000000
325 	 0.3689238203 	 0.0556988388 	 0.0000000000
326 	 0.3689238203 	 0.0624759939 	 0.0000000000
327 	 0.3689238203 	 0.0665887418 	 0.0000000000
328 	 0.3689238203 	 0.0552882819 	 0.0000000000
329 	 0.3689238203 	 0.0469945057 	 0.0000000000
330 	 0.3689238203 	 0.0498613871 	 0.0000000000
331 	 0.3689238203 	 0.0533452317 	 0.0000000000
332 	 0.3689238203 	 0.0481603593 	 0.0000000000
333 	 0.3689238203 	 0.0583226970 	 0.0000000000
334 	 0.3689238203 	 0.0632136473 	 0.0000000000
335 	 0.3689238203 	 0.0463231922 	 0.0000000000
336 	 0.3689238203 	 0.0513965247 	 0.0000000000
337 	 0.3689238203 	 0.0417693417 	 0.0000000000
338 	 0.3689238203 	 0.0424911138 	 0.0000000000
339 	 0.3689238203 	 0.0501041105 	 0.0000000000
340 	 0.3689238203 	 0.0616403923 	 0.0000000000
341 	 0.3689238203 	 0.0440508006 	 0.0000000000
342 	 0.3689238203 	 0.0466810809 	 0.0000000000
343 	 0.3689238203 	 0.0809316371 	 0.0000000000
344 	 0.3689238203 	 0.0498151650 	 0.0000000000
345 	 0.3689238203 	 0.0453038939 	 0.0000000000
346 	 0.3689238203 	 0.0445170649 	 0.0000000000
347 	 0.3689238203 	 0.0552692198 	 0.0000000000
348 	 0.3689238203 	 0.0633774136 	 0.0000000000
349 	 0.3689238203 	 0.0459991036 	 0.0000000000
350 	 0.3689238203 	 0.0472060146 	 0.0000000000
351 	 0.3689238203 	 0.0483265759 	 0.0000000000
352 	 0.3689238203 	 0.0581660563 	 0.0000000000
353 	 0.3689238203 	 0.0545130903 	 0.0000000000
354 	 0.3689238203 	 0.0431713314 	 0.0000000000
355 	 0.3689238203 	 0.0514652880 	 0.0000000000
356 	 0.3689238203 	 0.0433570271 	 0.0000000000
357 	 0.3689238203 	 0.0541936716 	 0.0000000000
358 	 0.3689238203 	 0.0541327581 	 0.0000000000
359 	 0.3689238203 	 0.0487275960 	 0.0000000000
360 	 0.3689238203 	 0.0529963272 	 0.0000000000
361 	 0.3689238203 	 0.0466825302 	 0.0000000000
362 	 0.3689238203 	 0.0567290541 	 0.0000000000
363 	 0.3689238203 	 0.0474517681 	 0.0000000000
364 	 0.3689238203 	 0.0490796272 	 0.0000000000
365 	 0.3689238203 	 0.0469073522 	 0.0000000000
366 	 0.3689238203 	 0.0461423812 	 0.0000000000
367 	 0.3701425020 	 0.0753698554 	 0.0000000000
368 	 0.3701425020 	 0.0612054038 	 0.0000000000
369 	 0.3701425020 	 0.0549505137 	 0.0000000000
370 	 0.3701425020 	 0.0633429677 	 0.0000000000
371 	 0.3701425020 	 0.0657304541 	 0.0000000000
372 	 0.3701425020 	 0.0647011583 	 0.0000000000
373 	 0.3701425020 	 0.0572253955 	 0.0000000000
374 	 0.3701425020 	 0.0436875541 	 0.0000000000
375 	 0.3701425020 	 0.0582339376 	 0.0000000000
376 	 0.3701425020 	 0.0651154699 	 0.0000000000
377 	 0.3701425020 	 0.0521241588 	 0.0000000000
378 	 0.3701425020 	 0.0523748664 	 0.0000000000
379 	 0.3701425020 	 0.0430870922 	 0.0000000000
380 	 0.3701425020 	 0.0451631709 	 0.0000000000
381 	 0.3701425020 	 0.0542117319 	 0.0000000000
382 	 0.3701425020 	 0.0483645061 	 0.0000000000
383 	 0.3701425020 	 0.0572764365 	 0.0000000000
384 	 0.3701425020 	 0.0483708173 	 0.0000000000
385 	 0.3701425020 	 0.0608965874 	 0.0000000000
386 	 0.3701425020 	 0.0476338972 	 0.0000000000
387 	 0.3701425020 	 0.0516118321 	 0.0000000000
388 	 0.3701425020 	 0.0432820307 	 0.0000000000
389 	 0.3701425020 	 0.0386752971 	 0.0000000000
390 	 0.3701425020 	 0.0587932326 	 0.0000000000
391 	 0.3701425020 	 0.0513340642 	 0.0000000000
392 	 0.3701425020 	 0.0475414401 	 0.0000000000
393 	 0.3701425020 	 0.0657910679 	 0.0000000000
394 	 0.3701425020 	 0.0526495667 	 0.0000000000
395 	 0.3701425020 	 0.0509332685 	 0.0000000000
396 	 0.3701425020 	 0.0473252477 	 0.0000000000
397 	 0.3701425020 	 0.0625463613 	 0.0000000000
398 	 0.3701425020 	 0.0608116951 	 0.0000000000
399 	 0.3701425020 	 0.0480796563 	 0.0000000000
400 	 0.3701425020 	 0.0492613868 	 0.0000000000
401 	 0.3701425020 	 0.0561169362 	 0.0000000000
402 	 0.3701425020 	 0.0515675162 	 0.0000000000
403 	 0.3701425020 	 0.0519220251 	 0.0000000000
404 	 0.3701425020 	 0.0513834343 	 0.0000000000
405 	 0.3701425020 	 0.0488628528 	 0.0000000000
406 	 0.3701425020 	 0.0442283271 	 0.0000000000
407 	 0.3701425020 	 0.0574448461 	 0.0000000000
408 	 0.3701425020 	 0.0492901246 	 0.0000000000
409 	 0.3701425020 	 0.0452313727 	 0.0000000000
410 	 0.3701425020 	 0.0456081120 	 0.0000000000
411 	 0.3701425020 	 0.0464640542 	 0.0000000000
412 	 0.3701425020 	 0.0485354285 	 0.0000000000
413 	 0.3701425020 	 0.0468875963 	 0.0000000000
414 	 0.3701425020 	 0.0443293133 	 0.0000000000
415 	 0.3703321928 	 0.0493715787 	 0.0000000000
416 	 0.3703321928 	 0.0492166478 	 0.0000000000
417 	 0.3703321928 	 0.0640179688 	 0.0000000000
418 	 0.3703321928 	 0.0495850929 	 0.0000000000
419 	 0.3703321928 	 0.0470298964 	 0.0000000000
420 	 0.3703321928 	 0.0549410618 	 0.0000000000
421 	 0.3703321928 	 0.0536461921 	 0.0000000000
422 	 0.3703321928 	 0.0419219402 	 0.0000000000
423 	 0.3703321928 	 0.0491787741 	 0.0000000000
424 	 0.3703321928 	 0.0498546341 	 0.0000000000
425 	 0.3703321928 	 0.0591963089 	 0.0000000000
426 	 0.3703321928 	 0.0515315983 	 0.0000000000
427 	 0.3703321928 	 0.0501854388 	 0.0000000000
428 	 0.3703321928 	 0.0464628994 	 0.0000000000
429 	 0.3703321928 	 0.0419787223 	 0.0000000000
430 	 0.3703321928 	 0.0488975139 	 0.0000000000
431 	 0.3703321928 	 0.0566943455 	 0.0000000000
432 	 0.3703321928 	 0.0453574897 	 0.0000000000
433 	 0.3710637070 	 0.0579051992 	 0.0000000000
434 	 0.3710637070 	 0.0455783559 	 0.0000000000
435 	 0.3710637070 	 0.0472978133 	 0.0000000000
436 	 0.3710637070 	 0.0495629508 	 0.0000000000
437 	 0.3710637070 	 0.0517282547 	 0.0000000000
438 	 0.3710637070 	 0.0485900935 	 0.0000000000
439 	 0.3710637070 	 0.0535174838 	 0.0000000000
440 	 0.3710637070 	 0.0511392033 	 0.0000000000
441 	 0.3710637070 	 0.0610562885 	 0.0000000000
442 	 0.3710637070 	 0.0440088914 	 0.0000000000
443 	 0.3710637070 	 0.0508533012 	 0.0000000000
444 	 0.3710637070 	 0.0495333329 	 0.0000000000
445 	 0.3710637070 	 0.0507069497 	 0.0000000000
446 	 0.3710637070 	 0.0396311148 	 0.0000000000
447 	 0.3710637070 	 0.0374005228 	 0.0000000000
448 	 0.3710637070 	 0.0453566399 	 0.0000000000
449 	 0.3710637070 	 0.0539151625 	 0.0000000000
450 	 0.3710637070 	 0.0468616074 	 0.0000000000
451 	 0.3710637070 	 0.0539380663 	 0.0000000000
452 	 0.3710637070 	 0.0489235591 	 0.0000000000
453 	 0.3710637070 	 0.0563637590 	 0.0000000000
454 	 0.3710637070 	 0.0489625585 	 0.0000000000
455 	 0.3710637070 	 0.0521250649 	 0.0000000000
456 	 0.3710637070 	 0.0528646759 	 0.0000000000
457 	 0.3710637070 	 0.0587797129 	 0.0000000000
458 	 0.3710637070 	 0.0472946863 	 0.0000000000
459 	 0.3710637070 	 0.0419114265 	 0.0000000000
460 	 0.3710637070 	 0.0483915010 	 0.0000000000
461 	 0.3710637070 	 0.0613627711 	 0.0000000000
462 	 0.3710637070 	 0.0466236961 	 0.0000000000
463 	 0.3710637070 	 0.0428783518 	 0.0000000000
464 	 0.3710637070 	 0.0525086774 	 0.0000000000
465 	 0.3710637070 	 0.0649202045 	 0.0000000000
466 	 0.3710637070 	 0.0462040160 	 0.0000000000
467 	 0.3710637070 	 0.0443535757 	 0.0000000000
468 	 0.3710637070 	 0.0499956776 	 0.0000000000
469 	 0.3710637070 	 0.0493558950 	 0.0000000000
470 	 0.3710637070 	 0.0529268546 	 0.0000000000
471 	 0.3710637070 	 0.0569398379 	 0.0000000000
472 	 0.3710637070 	 0.0557982627 	 0.0000000000
473 	 0.3710637070 	 0.0410118524 	 0.0000000000
474 	 0.3710637070 	 0.0466505168 	 0.0000000000
475 	 0.3710637070 	 0.0484227839 	 0.0000000000
476 	 0.3710637070 	 0.0592724444 	 0.0000000000
477 	 0.3710637070 	 0.0487599409 	 0.0000000000
478 	 0.3710637070 	 0.0495258710 	 0.0000000000
479 	 0.3710637070 	 0.0422084573 	 0.0000000000
480 	 0.3710637070 	 0.0475122425 	 0.0000000000
481 	 0.3710637070 	 0.0423202872 	 0.0000000000
482 	 0.3710637070 	 0.0511785300 	 0.0000000000
483 	 0.3710637070 	 0.0495796317 	 0.0000000000
484 	 0.3710637070 	 0.0614891597 	 0.0000000000
485 	 0.3710637070 	 0.0656424468 	 0.0000000000
486 	 0.3710637070 	 0.0491803630 	 0.0000000000
487 	 0.3710637070 	 0.0424407665 	 0.0000000000
488 	 0.3710637070 	 0.0538270331 	 0.0000000000
489 	 0.3710637070 	 0.0599423611 	 0.0000000000
490 	 0.3710637070 	 0.0530681737 	 0.0000000000
491 	 0.3710637070 	 0.0515246598 	 0.0000000000
492 	 0.3710637070 	 0.0637421817 	 0.0000000000
493 	 0.3710637070 	 0.0622538360 	 0.0000000000
494 	 0.3710637070 	 0.0601304277 	 0.0000000000
495 	 0.3710637070 	 0.0425662415 	 0.0000000000
496 	 0.3710637070 	 0.0477344569 	 0.0000000000
497 	 0.3710637070 	 0.0480245479 	 0.0000000000
498 	 0.3710637070 	 0.0461841654 	 0.0000000000
499 	 0.3710637070 	 0.0650668875 	 0.0000000000
500 	 0.3710637070 	 0.0484257109 	 0.0000000000
501 	 0.3710637070 	 0.0455244252 	 0.0000000000
502 	 0.3710637070 	 0.0527523354 	 0.0000000000
503 	 0.3710637070 	 0.0497128227 	 0.0000000000
504 	 0.3710637070 	 0.0668890203 	 0.0000000000
505 	 0.3710637070 	 0.0587942681 	 0.0000000000
506 	 0.3710637070 	 0.0465275808 	 0.0000000000
507 	 0.3710637070 	 0.0519640127 	 0.0000000000
508 	 0.3710637070 	 0.0567137067 	 0.0000000000
509 	 0.3710637070 	 0.0603052020 	 0.0000000000
510 	 0.3710637070 	 0.0659454206 	 0.0000000000
511 	 0.3710637070 	 0.0447150076 	 0.0000000000
512 	 0.3710637070 	 0.0589016856 	 0.0000000000
513 	 0.3710637070 	 0.0449186016 	 0.0000000000
514 	 0.3710637070 	 0.0502064270 	 0.0000000000
515 	 0.3710637070 	 0.0608273528 	 0.0000000000
516 	 0.3710637070 	 0.0576827852 	 0.0000000000
517 	 0.3710637070 	 0.0585361226 	 0.0000000000
518 	 0.3710637070 	 0.0469659595 	 0.0000000000
519 	 0.3710637070 	 0.0484646520 	 0.0000000000
520 	 0.3710637070 	 0.0444031496 	 0.0000000000
521 	 0.3710637070 	 0.0444807895 	 0.0000000000
522 	 0.3710637070 	 0.0518403582 	 0.0000000000
523 	 0.3710637070 	 0.0461484150 	 0.0000000000
524 	 0.3710637070 	 0.0514294942 	 0.0000000000
525 	 0.3710637070 	 0.0413994927 	 0.0000000000
526 	 0.3710637070 	 0.0409555641 	 0.0000000000
527 	 0.3710637070 	 0.0465475568 	 0.0000000000
528 	 0.3710637070 	 0.0448095814 	 0.0000000000
529 	 0.3710637070 	 0.0457721275 	 0.0000000000
530 	 0.3710637070 	 0.0483605541 	 0.0000000000
531 	 0.3710637070 	 0.0525053578 	 0.0000000000
532 	 0.3710637070 	 0.0468777687 	 0.0000000000
533 	 0.3710637070 	 0.0480125623 	 0.0000000000
534 	 0.3710637070 	 0.0612641197 	 0.0000000000
535 	 0.3710637070 	 0.0532085516 	 0.0000000000
536 	 0.3710637070 	 0.0432399121 	 0.0000000000
537 	 0.3710637070 	 0.0507139816 	 0.0000000000
538 	 0.3710637070 	 0.0535573729 	 0.0000000000
539 	 0.3710637070 	 0.0491825293 	 0.0000000000
540 	 0.3710637070 	 0.0386964340 	 0.0000000000
541 	 0.3710637070 	 0.0507694045 	 0.0000000000
542 	 0.3710637070 	 0.0534813903 	 0.0000000000
543 	 0.3710637070 	 0.0521464135 	 0.0000000000
544 	 0.3710637070 	 0.0377418844 	 0.0000000000
545 	 0.3710637070 	 0.0535772810 	 0.0000000000
546 	 0.3710637070 	 0.0611750788 	 0.0000000000
547 	 0.3710637070 	 0.0510128611 	 0.0000000000
548 	 0.3710637070 	 0.0513050330 	 0.0000000000
549 	 0.3710637070 	 0.0512274200 	 0.0000000000
550 	 0.3710637070 	 0.0596589903 	 0.0000000000
551 	 0.3710637070 	 0.0519953248 	 0.0000000000
552 	 0.3710637070 	 0.0530993252 	 0.0000000000
553 	 0.3710637070 	 0.0542944643 	 0.0000000000
554 	 0.3710637070 	 0.0703628881 	 0.0000000000
555 	 0.3710637070 	 0.0484481385 	 0.0000000000
556 	 0.3710637070 	 0.0430375598 	 0.0000000000
557 	 0.3710637070 	 0.0414270538 	 0.0000000000
558 	 0.3710637070 	 0.0507053605 	 0.0000000000
559 	 0.3710637070 	 0.0578485058 	 0.0000000000
560 	 0.3710637070 	 0.0430089448 	 0.0000000000
561 	 0.3710637070 	 0.0568371146 	 0.0000000000
562 	 0.3710637070 	 0.0619141416 	 0.0000000000
563 	 0.3710637070 	 0.0495250246 	 0.0000000000
564 	 0.3710637070 	 0.0606257678 	 0.0000000000
565 	 0.3710637070 	 0.0674878909 	 0.0000000000
566 	 0.3710637070 	 0.0609617276 	 0.0000000000
567 	 0.3710637070 	 0.0557152903 	 0.0000000000
568 	 0.3710637070 	 0.0456850574 	 0.0000000000
569 	 0.3710637070 	 0.0434157015 	 0.0000000000
570 	 0.3710637070 	 0.0510593120 	 0.0000000000
571 	 0.3710637070 	 0.0630759063 	 0.0000000000
572 	 0.3710637070 	 0.0570940197 	 0.0000000000
573 	 0.3710637070 	 0.0511692008 	 0.0000000000
574 	 0.3710637070 	 0.0539960009 	 0.0000000000
575 	 0.3710637070 	 0.0524053716 	 0.0000000000
576 	 0.3710637070 	 0.0597595531 	 0.0000000000
577 	 0.3710637070 	 0.0575359538 	 0.0000000000
578 	 0.3710637070 	 0.0613306532 	 0.0000000000
579 	 0.3710637070 	 0.0462211074 	 0.0000000000
580 	 0.3710637070 	 0.0510436461 	 0.0000000000
581 	 0.3710637070 	 0.0513236304 	 0.0000000000
582 	 0.3710637070 	 0.0471393424 	 0.0000000000
583 	 0.3710637070 	 0.0538561671 	 0.0000000000
584 	 0.3710637070 	 0.0519975786 	 0.0000000000
585 	 0.3710637070 	 0.0572566034 	 0.0000000000
586 	 0.3710637070 	 0.0545568609 	 0.0000000000
587 	 0.3710637070 	 0.0554504440 	 0.0000000000
588 	 0.3710637070 	 0.0520545003 	 0.0000000000
589 	 0.3710637070 	 0.0600068975 	 0.0000000000
590 	 0.3710637070 	 0.0547419232 	 0.0000000000
591 	 0.3710637070 	 0.0563566625 	 0.0000000000
592 	 0.3710637070 	 0.0506396433 	 0.0000000000
593 	 0.3710637070 	 0.0485972523 	 0.0000000000
594 	 0.3710637070 	 0.0459415846 	 0.0000000000
595 	 0.3710637070 	 0.0624500327 	 0.0000000000
596 	 0.3710637070 	 0.0582981818 	 0.0000000000
597 	 0.3710637070 	 0.0615293197 	 0.0000000000
598 	 0.3710637070 	 0.0519101776 	 0.0000000000
599 	 0.3710637070 	 0.0397149989 	 0.0000000000
600 	 0.3710637070 	 0.0471661687 	 0.0000000000
601 	 0.3710637070 	 0.0517582452 	 0.0000000000
602 	 0.3710637070 	 0.0660661870 	 0.0000000000
603 	 0.3710637070 	 0.0455646323 	 0.0000000000
604 	 0.3710637070 	 0.0473027355 	 0.0000000000
605 	 0.3710637070 	 0.0410806107 	 0.0000000000
606 	 0.3710637070 	 0.0617870855 	 0.0000000000
607 	 0.3710637070 	 0.0564142509 	 0.0000000000
608 	 0.3710637070 	 0.0502894962 	 0.0000000000
609 	 0.3710637070 	 0.0509671132 	 0.0000000000
610 	 0.3710637070 	 0.0501350432 	 0.0000000000
611 	 0.3710637070 	 0.0519567620 	 0.0000000000
612 	 0.3710637070 	 0.0576582819 	 0.0000000000
613 	 0.3710637070 	 0.0580422721 	 0.0000000000
614 	 0.3710637070 	 0.0438613810 	 0.0000000000
615 	 0.3710637070 	 0.0659811827 	 0.0000000000
616 	 0.3710637070 	 0.0556841215 	 0.0000000000
617 	 0.3710637070 	 0.0424329841 	 0.0000000000
618 	 0.3710637070 	 0.0505364711 	 0.0000000000
619 	 0.3710637070 	 0.0545154637 	 0.0000000000
620 	 0.3710637070 	 0.0600176371 	 0.0000000000
621 	 0.3710637070 	 0.0519049155 	 0.0000000000
622 	 0.3710637070 	 0.0524331822 	 0.0000000000
623 	 0.3710637070 	 0.0494161275 	 0.0000000000
624 	 0.3710637070 	 0.0505977687 	 0.0000000000
625 	 0.3710637070 	 0.0680149548 	 0.0000000000
626 	 0.3710637070 	 0.0604291799 	 0.0000000000
627 	 0.3710637070 	 0.0411705853 	 0.0000000000
628 	 0.3710637070 	 0.0410627263 	 0.0000000000
629 	 0.3710637070 	 0.0755276245 	 0.0000000000
630 	 0.3710637070 	 0.0634160926 	 0.0000000000
631 	 0.3710637070 	 0.0646130146 	 0.0000000000
632 	 0.3710637070 	 0.0382869463 	 0.0000000000
633 	 0.3710637070 	 0.0454059752 	 0.0000000000
634 	 0.3710637070 	 0.0611108360 	 0.0000000000
635 	 0.3710637070 	 0.0525857482 	 0.0000000000
636 	 0.3710637070 	 0.0474168579 	 0.0000000000
637 	 0.3710637070 	 0.0439651511 	 0.0000000000
638 	 0.3710637070 	 0.0537242451 	 0.0000000000
639 	 0.3710637070 	 0.0525519060 	 0.0000000000
640 	 0.3710637070 	 0.0487063670 	 0.0000000000
641 	 0.3710637070 	 0.0606370605 	 0.0000000000
642 	 0.3710637070 	 0.0500214901 	 0.0000000000
643 	 0.3710637070 	 0.0516188999 	 0.0000000000
644 	 0.3710637070 	 0.0590125251 	 0.0000000000
645 	 0.3710637070 	 0.0487162863 	 0.0000000000
646 	 0.3710637070 	 0.0761118439 	 0.0000000000
647 	 0.3710637070 	 0.0578518342 	 0.0000000000
648 	 0.3710637070 	 0.0518588064 	 0.0000000000
649 	 0.3710637070 	 0.0560764431 	 0.0000000000
650 	 0.3710637070 	 0.0511432928 	 0.0000000000
651 	 0.3710637070 	 0.0594359133 	 0.0000000000
652 	 0.3710637070 	 0.0459474030 	 0.0000000000
653 	 0.3710637070 	 0.0536248238 	 0.0000000000
654 	 0.3710637070 	 0.0422402961 	 0.0000000000
655 	 0.3710637070 	 0.0571069106 	 0.0000000000
656 	 0.3710637070 	 0.0676159627 	 0.0000000000
657 	 0.3710637070 	 0.0411250319 	 0.0000000000
658 	 0.3710637070 	 0.0508561463 	 0.0000000000
659 	 0.3710637070 	 0.0541112093 	 0.0000000000
660 	 0.3710637070 	 0.0541393466 	 0.0000000000
661 	 0.3710637070 	 0.0438728516 	 0.0000000000
662 	 0.3710637070 	 0.0586912094 	 0.0000000000
663 	 0.3710637070 	 0.0529203151 	 0.0000000000
664 	 0.3800901874 	 0.0560917654 	 0.0000000000
665 	 0.3800901874 	 0.0539364847 	 0.0000000000
666 	 0.3800901874 	 0.0537846405 	 0.0000000000
667 	 0.3800901874 	 0.0569670758 	 0.0000000000
668 	 0.3800901874 	 0.0618098545 	 0.0000000000
669 	 0.3800901874 	 0.0465924913 	 0.0000000000
670 	 0.3800901874 	 0.0479275588 	 0.0000000000
671 	 0.3800901874 	 0.0522238955 	 0.0000000000
672 	 0.3800901874 	 0.0513841791 	 0.0000000000
673 	 0.3800901874 	 0.0521067396 	 0.0000000000
674 	 0.3800901874 	 0.0598439898 	 0.0000000000
675 	 0.3800901874 	 0.0420013137 	 0.0000000000
676 	 0.3800901874 	 0.0461246349 	 0.0000000000
677 	 0.3800901874 	 0.0618283105 	 0.0000000000
678 	 0.3800901874 	 0.0543820026 	 0.0000000000
679 	 0.3800901874 	 0.0383828436 	 0.0000000000
680 	 0.3800901874 	 0.0578266626 	 0.0000000000
681 	 0.3800901874 	 0.0578301604 	 0.0000000000
682 	 0.3800901874 	 0.0555234340 	 0.0000000000
683 	 0.3800901874 	 0.0517552492 	 0.0000000000
684 	 0.3800901874 	 0.0384066113 	 0.0000000000
685 	 0.3800901874 	 0.0584334113 	 0.0000000000
686 	 0.3800901874 	 0.0522830999 	 0.0000000000
687 	 0.3800901874 	 0.0504837471 	 0.0000000000
688 	 0.3800901874 	 0.0565273041 	 0.0000000000
689 	 0.3800901874 	 0.0592997578 	 0.0000000000
690 	 0.3800901874 	 0.0481672747 	 0.0000000000
691 	 0.3800901874 	 0.0592861017 	 0.0000000000
692 	 0.3800901874 	 0.0610498595 	 0.0000000000
693 	 0.3800901874 	 0.0535054323 	 0.0000000000
694 	 0.3800901874 	 0.0490303054 	 0.0000000000
695 	 0.3800901874 	 0.0497279890 	 0.0000000000
696 	 0.3800901874 	 0.0470272930 	 0.0000000000
697 	 0.3800901874 	 0.0574512761 	 0.0000000000
698 	 0.3800901874 	 0.0514690456 	 0.0000000000
699 	 0.3800901874 	 0.0364184617 	 0.0000000000
700 	 0.3800901874 	 0.0433037090 	 0.0000000000
701 	 0.3800901874 	 0.0539062509 	 0.0000000000
702 	 0.3800901874 	 0.0510518638 	 0.0000000000
703 	 0.3800901874 	 0.0468601755 	 0.0000000000
704 	 0.3800901874 	 0.0479891904 	 0.0000000000
705 	 0.3800901874 	 0.0602767932 	 0.0000000000
706 	 0.3800901874 	 0.0420247085 	 0.0000000000
707 	 0.3800901874 	 0.0484868080 	 0.0000000000
708 	 0.3800901874 	 0.0479078868 	 0.0000000000
709 	 0.3800901874 	 0.0593985651 	 0.0000000000
710 	 0.3800901874 	 0.0487639613 	 0.0000000000
711 	 0.3800901874 	 0.0492467352 	 0.0000000000
712 	 0.3800901874 	 0.0511855637 	 0.0000000000
713 	 0.3800901874 	 0.0617009406 	 0.0000000000
714 	 0.3800901874 	 0.0485561116 	 0.0000000000
715 	 0.3800901874 	 0.0433353321 	 0.0000000000
716 	 0.3800901874 	 0.0478729774 	 0.0000000000
717 	 0.3800901874 	 0.0517809374 	 0.0000000000
718 	 0.3800901874 	 0.0634501845 	 0.0000000000
719 	 0.3800901874 	 0.0470797961 	 0.0000000000
720 	 0.3800901874 	 0.0409982866 	 0.0000000000
721 	 0.3800901874 	 0.0648370407 	 0.0000000000
722 	 0.3800901874 	 0.0420070352 	 0.0000000000
723 	 0.3800901874 	 0.0551299819 	 0.0000000000
724 	 0.3800901874 	 0.0607666566 	 0.0000000000
725 	 0.3800901874 	 0.0431539401 	 0.0000000000
726 	 0.3800901874 	 0.0502973981 	 0.0000000000
727 	 0.3800901874 	 0.0523322263 	 0.0000000000
728 	 0.3800901874 	 0.0431553925 	 0.0000000000
729 	 0.3800901874 	 0.0563189823 	 0.0000000000
730 	 0.3800901874 	 0.0389407419 	 0.0000000000
731 	 0.3800901874 	 0.0455720740 	 0.0000000000
732 	 0.3800901874 	 0.0426654900 	 0.0000000000
733 	 0.3800901874 	 0.0433987418 	 0.0000000000
734 	 0.3800901874 	 0.0525576901 	 0.0000000000
735 	 0.3800901874 	 0.0536670408 	 0.0000000000
736 	 0.3800901874 	 0.0716967126 	 0.0000000000
737 	 0.3800901874 	 0.0478440205 	 0.0000000000
738 	 0.3800901874 	 0.0604145194 	 0.0000000000
739 	 0.3800901874 	 0.0470129782 	 0.0000000000
740 	 0.3800901874 	 0.0521839743 	 0.0000000000
741 	 0.3800901874 	 0.0435401410 	 0.0000000000
742 	 0.3847085359 	 0.0561294654 	 0.0000000000
743 	 0.3847085359 	 0.0603680673 	 0.0000000000
744 	 0.3847085359 	 0.0566111237 	 0.0000000000
745 	 0.3847085359 	 0.0752149649 	 0.0000000000
746 	 0.3847085359 	 0.0569288231 	 0.0000000000
747 	 0.3847085359 	 0.0427654705 	 0.0000000000
748 	 0.3847085359 	 0.0485765267 	 0.0000000000
749 	 0.3847085359 	 0.0482547036 	 0.0000000000
750 	 0.3847085359 	 0.0520696544 	 0.0000000000
751 	 0.3847085359 	 0.0569309993 	 0.0000000000
752 	 0.3847085359 	 0.0448427369 	 0.0000000000
753 	 0.3847085359 	 0.0570420623 	 0.0000000000
754 	 0.3847085359 	 0.0571031178 	 0.0000000000
755 	 0.3847085359 	 0.0459427221 	 0.0000000000
756 	 0.3847085359 	 0.0524778931 	 0.0000000000
757 	 0.3847085359 	 0.0476717830 	 0.0000000000
758 	 0.3847085359 	 0.0451766823 	 0.0000000000
759 	 0.3847085359 	 0.0440186326 	 0.0000000000
760 	 0.3847085359 	 0.0544805392 	 0.0000000000
761 	 0.3847085359 	 0.0561997442 	 0.0000000000
762 	 0.3847085359 	 0.0465922279 	 0.0000000000
763 	 0.3847085359 	 0.0578592641 	 0.0000000000
764 	 0.3847085359 	 0.0663791471 	 0.0000000000
765 	 0.3847085359 	 0.0387595297 	 0.0000000000
766 	 0.3847085359 	 0.0493110542 	 0.0000000000
767 	 0.3847085359 	 0.0467193445 	 0.0000000000
768 	 0.3847085359 	 0.0458046827 	 0.0000000000
769 	 0.3847085359 	 0.0415848217 	 0.0000000000
770 	 0.3847085359 	 0.0720312520 	 0.0000000000
771 	 0.3847085359 	 0.0503929350 	 0.0000000000
772 	 0.3847085359 	 0.0563191891 	 0.0000000000
773 	 0.3847085359 	 0.0501680025 	 0.0000000000
774 	 0.3847085359 	 0.0576998189 	 0.0000000000
775 	 0.3847085359 	 0.0660805932 	 0.0000000000
776 	 0.3847085359 	 0.0452769797 	 0.0000000000
777 	 0.3847085359 	 0.0463564258 	 0.0000000000
778 	 0.3847085359 	 0.0562121945 	 0.0000000000
779 	 0.3847085359 	 0.0439765993 	 0.0000000000
780 	 0.3847085359 	 0.0432300087 	 0.0000000000
781 	 0.3847085359 	 0.0592615023 	 0.0000000000
782 	 0.3847085359 	 0.0402668991 	 0.0000000000
783 	 0.3847085359 	 0.0479279685 	 0.0000000000
784 	 0.3847085359 	 0.0486556641 	 0.0000000000
785 	 0.3847085359 	 0.0494770812 	 0.0000000000
786 	 0.3847085359 	 0.0621351881 	 0.0000000000
787 	 0.3847085359 	 0.0484218609 	 0.0000000000
788 	 0.3847085359 	 0.0432412226 	 0.0000000000
789 	 0.3847085359 	 0.0561284535 	 0.0000000000
790 	 0.3847085359 	 0.0486273792 	 0.0000000000
791 	 0.3847085359 	 0.0439207360 	 0.0000000000
792 	 0.3847085359 	 0.0441073372 	 0.0000000000
793 	 0.3847085359 	 0.0435166380 	 0.0000000000
794 	 0.3847085359 	 0.0512339736 	 0.0000000000
795 	 0.3847085359 	 0.0527026852 	 0.0000000000
796 	 0.3847085359 	 0.0410196677 	 0.0000000000
797 	 0.3847085359 	 0.0566180803 	 0.0000000000
798 	 0.3847085359 	 0.0560474520 	 0.0000000000
799 	 0.3847085359 	 0.0498958396 	 0.0000000000
800 	 0.3847085359 	 0.0535545313 	 0.0000000000
801 	 0.3847085359 	 0.0413309258 	 0.0000000000
802 	 0.3847085359 	 0.0491408082 	 0.0000000000
803 	 0.3847085359 	 0.0523928133 	 0.0000000000
804 	 0.3847085359 	 0.0509095820 	 0.0000000000
805 	 0.3847085359 	 0.0509890583 	 0.0000000000
806 	 0.3847085359 	 0.0549728704 	 0.0000000000
807 	 0.3847085359 	 0.0490898809 	 0.0000000000
808 	 0.3847085359 	 0.0555678549 	 0.0000000000
809 	 0.3847085359 	 0.0513859343 	 0.0000000000
810 	 0.3847085359 	 0.0507763202 	 0.0000000000
811 	 0.3847085359 	 0.0463592251 	 0.0000000000
812 	 0.3847085359 	 0.0523309606 	 0.0000000000
813 	 0.3847085359 	 0.0472456355 	 0.0000000000
814 	 0.3847085359 	 0.0422192201 	 0.0000000000
815 	 0.3847085359 	 0.0539889688 	 0.0000000000
816 	 0.3847085359 	 0.0440180494 	 0.0000000000
817 	 0.3847085359 	 0.0425968948 	 0.0000000000
818 	 0.3847085359 	 0.0434312597 	 0.0000000000
819 	 0.3847085359 	 0.0481750374 	 0.0000000000
820 	 0.3847085359 	 0.0498528790 	 0.0000000000
821 	 0.3847085359 	 0.0555823648 	 0.0000000000
822 	 0.3847085359 	 0.0515103108 	 0.0000000000
823 	 0.3847085359 	 0.0527741063 	 0.0000000000
824 	 0.3847085359 	 0.0436844149 	 0.0000000000
825 	 0.3847085359 	 0.0594334250 	 0.0000000000
826 	 0.3847085359 	 0.0478979352 	 0.0000000000
827 	 0.3847085359 	 0.0636672677 	 0.0000000000
828 	 0.3847085359 	 0.0458821920 	 0.0000000000
829 	 0.3847085359 	 0.0455045056 	 0.0000000000
830 	 0.3847085359 	 0.0428355450 	 0.0000000000
831 	 0.3847085359 	 0.0396484464 	 0.0000000000
832 	 0.3847085359 	 0.0488978807 	 0.0000000000
833 	 0.3847085359 	 0.0437435302 	 0.0000000000
834 	 0.3847085359 	 0.0538268217 	 0.0000000000
835 	 0.3847085359 	 0.0561857655 	 0.0000000000
836 	 0.3847085359 	 0.0406918585 	 0.0000000000
837 	 0.3847085359 	 0.0509775333 	 0.0000000000
838 	 0.3847085359 	 0.0616746761 	 0.0000000000
839 	 0.3847085359 	 0.0538066334 	 0.0000000000
840 	 0.3847085359 	 0.0521142129 	 0.0000000000
841 	 0.3847085359 	 0.0552131865 	 0.0000000000
842 	 0.3847085359 	 0.0474804994 	 0.0000000000
843 	 0.3847085359 	 0.0490301550 	 0.0000000000
844 	 0.3847085359 	 0.0563528307 	 0.0000000000
845 	 0.3892941930 	 0.0489569885 	 0.0000000000
846 	 0.3892941930 	 0.0424472318 	 0.0000000000
847 	 0.3892941930 	 0.0492472389 	 0.0000000000
848 	 0.3892941930 	 0.0466543194 	 0.0000000000
849 	 0.3892941930 	 0.0712506344 	 0.0000000000
850 	 0.3892941930 	 0.0522237282 	 0.0000000000
851 	 0.3892941930 	 0.0666662577 	 0.0000000000
852 	 0.3892941930 	 0.0564688949 	 0.0000000000
853 	 0.3892941930 	 0.0437897608 	 0.0000000000
854 	 0.3892941930 	 0.0500377848 	 0.0000000000
855 	 0.3892941930 	 0.0603315046 	 0.0000000000
856 	 0.3892941930 	 0.0553513134 	 0.0000000000
857 	 0.3892941930 	 0.0510469564 	 0.0000000000
858 	 0.3892941930 	 0.0504349880 	 0.0000000000
859 	 0.3892941930 	 0.0532186782 	 0.0000000000
860 	 0.3892941930 	 0.0396491339 	 0.0000000000
861 	 0.3892941930 	 0.0601120828 	 0.0000000000
862 	 0.3892941930 	 0.0516836249 	 0.0000000000
863 	 0.3892941930 	 0.0480230759 	 0.0000000000
864 	 0.3892941930 	 0.0555376687 	 0.0000000000
865 	 0.3892941930 	 0.0402591487 	 0.0000000000
866 	 0.3892941930 	 0.0566067597 	 0.0000000000
867 	 0.3892941930 	 0.0466670702 	 0.0000000000
868 	 0.3892941930 	 0.0531125728 	 0.0000000000
869 	 0.3892941930 	 0.0490696264 	 0.0000000000
870 	 0.3892941930 	 0.0517959949 	 0.0000000000
871 	 0.3892941930 	 0.0595256803 	 0.0000000000
872 	 0.3892941930 	 0.0599288800 	 0.0000000000
873 	 0.3892941930 	 0.0394171022 	 0.0000000000
874 	 0.3892941930 	 0.0500974338 	 0.0000000000
875 	 0.3892941930 	 0.0461823232 	 0.0000000000
876 	 0.3892941930 	 0.0562835111 	 0.0000000000
877 	 0.3892941930 	 0.0561707400 	 0.0000000000
878 	 0.3892941930 	 0.0527582858 	 0.0000000000
879 	 0.3892941930 	 0.0410186605 	 0.0000000000
880 	 0.3892941930 	 0.0545502057 	 0.0000000000
881 	 0.3892941930 	 0.0482101707 	 0.0000000000
882 	 0.3892941930 	 0.0464735453 	 0.0000000000
883 	 0.3892941930 	 0.0597100771 	 0.0000000000
884 	 0.3892941930 	 0.0515133523 	 0.0000000000
885 	 0.3892941930 	 0.0452284312 	 0.0000000000
886 	 0.3892941930 	 0.0560413181 	 0.0000000000
887 	 0.3892941930 	 0.0397495459 	 0.0000000000
888 	 0.3892941930 	 0.0482381780 	 0.0000000000
889 	 0.3892941930 	 0.0591150583 	 0.0000000000
890 	 0.3892941930 	 0.0429693747 	 0.0000000000
891 	 0.3892941930 	 0.0423390239 	 0.0000000000
892 	 0.3892941930 	 0.0479907481 	 0.0000000000
893 	 0.3892941930 	 0.0496578513 	 0.0000000000
894 	 0.3892941930 	 0.0400464534 	 0.0000000000
895 	 0.3892941930 	 0.0459188010 	 0.0000000000
896 	 0.3892941930 	 0.0499160832 	 0.0000000000
897 	 0.3892941930 	 0.0529630683 	 0.0000000000
898 	 0.3892941930 	 0.0442116533 	 0.0000000000
899 	 0.3892941930 	 0.0451372575 	 0.0000000000
900 	 0.3892941930 	 0.0511632772 	 0.0000000000
901 	 0.3892941930 	 0.0488393536 	 0.0000000000
902 	 0.3892941930 	 0.0372684012 	 0.0000000000
903 	 0.3892941930 	 0.0616916285 	 0.0000000000
904 	 0.3892941930 	 0.0436126285 	 0.0000000000
905 	 0.3892941930 	 0.0462564112 	 0.0000000000
906 	 0.3892941930 	 0.0510804235 	 0.0000000000
907 	 0.3892941930 	 0.0527970058 	 0.0000000000
908 	 0.3892941930 	 0.0501822966 	 0.0000000000
909 	 0.3892941930 	 0.0528410687 	 0.0000000000
910 	 0.3892941930 	 0.0712187502 	 0.0000000000
911 	 0.3892941930 	 0.0549731990 	 0.0000000000
912 	 0.3892941930 	 0.0538350352 	 0.0000000000
913 	 0.3892941930 	 0.0507224019 	 0.0000000000
914 	 0.3892941930 	 0.0537599796 	 0.0000000000
915 	 0.3892941930 	 0.0567248862 	 0.0000000000
916 	 0.3892941930 	 0.0548199614 	 0.0000000000
917 	 0.3892941930 	 0.0529036206 	 0.0000000000
918 	 0.3892941930 	 0.0662522155 	 0.0000000000
919 	 0.3892941930 	 0.0516217687 	 0.0000000000
920 	 0.3892941930 	 0.0541594246 	 0.0000000000
921 	 0.3892941930 	 0.0497797353 	 0.0000000000
922 	 0.3892941930 	 0.0512502081 	 0.0000000000
923 	 0.3892941930 	 0.0478416647 	 0.0000000000
924 	 0.3892941930 	 0.0678162233 	 0.0000000000
925 	 0.3892941930 	 0.0521238976 	 0.0000000000
926 	 0.3892941930 	 0.0479635556 	 0.0000000000
927 	 0.3892941930 	 0.0451320801 	 0.0000000000
928 	 0.3892941930 	 0.0506045589 	 0.0000000000
929 	 0.3892941930 	 0.0572467246 	 0.0000000000
930 	 0.3892941930 	 0.0671508094 	 0.0000000000
931 	 0.3892941930 	 0.0462626247 	 0.0000000000
932 	 0.3892941930 	 0.0502477867 	 0.0000000000
933 	 0.3892941930 	 0.0530138737 	 0.0000000000
934 	 0.3892941930 	 0.0565633597 	 0.0000000000
935 	 0.3892941930 	 0.0574787158 	 0.0000000000
936 	 0.3892941930 	 0.0461700565 	 0.0000000000
937 	 0.3892941930 	 0.0533658739 	 0.0000000000
938 	 0.3892941930 	 0.0499851581 	 0.0000000000
939 	 0.3892941930 	 0.0547125833 	 0.0000000000
940 	 0.3892941930 	 0.0618827676 	 0.0000000000
941 	 0.3892941930 	 0.0486459302 	 0.0000000000
942 	 0.3892941930 	 0.0493759211 	 0.0000000000
943 	 0.3892941930 	 0.0413158743 	 0.0000000000
944 	 0.3892941930 	 0.0612046735 	 0.0000000000
945 	 0.3892941930 	 0.0520086472 	 0.0000000000
946 	 0.3892941930 	 0.0442119170 	 0.0000000000
947 	 0.3892941930 	 0.0552987852 	 0.0000000000
948 	 0.3892941930 	 0.0514407049 	 0.0000000000
949 	 0.3892941930 	 0.0432749276 	 0.0000000000
950 	 0.3892941930 	 0.0428019060 	 0.0000000000
951 	 0.3892941930 	 0.0463269547 	 0.0000000000
952 	 0.3892941930 	 0.0473854661 	 0.0000000000
953 	 0.3892941930 	 0.0626763302 	 0.0000000000
954 	 0.3892941930 	 0.0551701839 	 0.0000000000
955 	 0.3892941930 	 0.0623669003 	 0.0000000000
956 	 0.3892941930 	 0.0447989216 	 0.0000000000
957 	 0.3892941930 	 0.0474251521 	 0.0000000000
958 	 0.3892941930 	 0.0593664075 	 0.0000000000
959 	 0.3892941930 	 0.0609020203 	 0.0000000000
960 	 0.3892941930 	 0.0455545730 	 0.0000000000
961 	 0.3892941930 	 0.0531438401 	 0.0000000000
962 	 0.3892941930 	 0.0474799501 	 0.0000000000
963 	 0.3892941930 	 0.0493245486 	 0.0000000000
964 	 0.3892941930 	 0.0569347771 	 0.0000000000
965 	 0.3892941930 	 0.0433520692 	 0.0000000000
966 	 0.3892941930 	 0.0477368332 	 0.0000000000
967 	 0.3892941930 	 0.0511014457 	 0.0000000000
968 	 0.3892941930 	 0.0576570445 	 0.0000000000
969 	 0.3892941930 	 0.0550559385 	 0.0000000000
970 	 0.3892941930 	 0.0541796215 	 0.0000000000
971 	 0.3892941930 	 0.0498008423 	 0.0000000000
972 	 0.3892941930 	 0.0457831319 	 0.0000000000
973 	 0.3892941930 	 0.0496805148 	 0.0000000000
974 	 0.3892941930 	 0.0536032446 	 0.0000000000
975 	 0.3892941930 	 0.0440621330 	 0.0000000000
976 	 0.3892941930 	 0.0568081220 	 0.0000000000
977 	 0.3892941930 	 0.0441864326 	 0.0000000000
978 	 0.3892941930 	 0.0517706034 	 0.0000000000
979 	 0.3892941930 	 0.0452401415 	 0.0000000000
980 	 0.3892941930 	 0.0439081713 	 0.0000000000
981 	 0.3892941930 	 0.0486420682 	 0.0000000000
982 	 0.3892941930 	 0.0569219875 	 0.0000000000
983 	 0.3892941930 	 0.0498519043 	 0.0000000000
984 	 0.3892941930 	 0.0465504824 	 0.0000000000
985 	 0.3892941930 	 0.0606049545 	 0.0000000000
986 	 0.3892941930 	 0.0484270074 	 0.0000000000
987 	 0.3892941930 	 0.0460246634 	 0.0000000000
988 	 0.3892941930 	 0.0500955990 	 0.0000000000
989 	 0.3892941930 	 0.0546454190 	 0.0000000000
990 	 0.3892941930 	 0.0670478828 	 0.0000000000
991 	 0.3892941930 	 0.0504896192 	 0.0000000000
992 	 0.3892941930 	 0.0459088075 	 0.0000000000
993 	 0.3892941930 	 0.0557144023 	 0.0000000000
994 	 0.3892941930 	 0.0595040521 	 0.0000000000
995 	 0.3892941930 	 0.0492409890 	 0.0000000000
996 	 0.3892941930 	 0.0535500228 	 0.0000000000
997 	 0.3892941930 	 0.0401770308 	 0.0000000000
998 	 0.3892941930 	 0.0541389062 	 0.0000000000
999 	 0.3892941930 	 0.0442487812 	 0.0000000000
1000 	 0.3892941930 	 0.0438009918 	 0.0000000000
1001 	 0.3892941930 	 0.0449445792 	 0.0000000000
1002 	 0.3892941930 	 0.0393151150 	 0.0000000000
1003 	 0.3892941930 	 0.0425479026 	 0.0000000000
1004 	 0.3892941930 	 0.0477443184 	 0.0000000000
1005 	 0.3892941930 	 0.0562108125 	 0.0000000000
1006 	 0.3892941930 	 0.0520026377 	 0.0000000000
1007 	 0.3892941930 	 0.0542692910 	 0.0000000000
1008 	 0.3892941930 	 0.0517281187 	 0.0000000000
1009 	 0.3892941930 	 0.0566818086 	 0.0000000000
1010 	 0.3892941930 	 0.0481683817 	 0.0000000000
1011 	 0.3892941930 	 0.0673959866 	 0.0000000000
1012 	 0.3892941930 	 0.0492851816 	 0.0000000000
1013 	 0.3892941930 	 0.0513512709 	 0.0000000000
1014 	 0.3892941930 	 0.0568484311 	 0.0000000000
1015 	 0.3892941930 	 0.0542125477 	 0.0000000000
1016 	 0.3892941930 	 0.0675086785 	 0.0000000000
1017 	 0.3892941930 	 0.0417991259 	 0.0000000000
1018 	 0.3892941930 	 0.0619187746 	 0.0000000000
1019 	 0.3892941930 	 0.0527599953 	 0.0000000000
1020 	 0.3892941930 	 0.0472284262 	 0.0000000000
1021 	 0.3892941930 	 0.0459121052 	 0.0000000000
1022 	 0.3892941930 	 0.0445423108 	 0.0000000000
1023 	 0.3974802234 	 0.0715568776 	 0.0000000000
1024 	 0.3974802234 	 0.0533523982 	 0.0000000000
1025 	 0.3974802234 	 0.0561233728 	 0.0000000000
1026 	 0.3974802234 	 0.0525716246 	 0.0000000000
1027 	 0.3974802234 	 0.0621136769 	 0.0000000000
1028 	 0.3974802234 	 0.0550521526 	 0.0000000000
1029 	 0.3974802234 	 0.0458690612 	 0.0000000000
1030 	 0.3974802234 	 0.0588308814 	 0.0000000000
1031 	 0.3974802234 	 0.0696301860 	 0.0000000000
1032 	 0.3974802234 	 0.0509684289 	 0.0000000000
1033 	 0.3974802234 	 0.0509322806 	 0.0000000000
1034 	 0.3974802234 	 0.0671539719 	 0.0000000000
1035 	 0.3974802234 	 0.0498220390 	 0.0000000000
1036 	 0.3974802234 	 0.0599098326 	 0.0000000000
1037 	 0.3974802234 	 0.0557229714 	 0.0000000000
1038 	 0.3974802234 	 0.0590192878 	 0.0000000000
1039 	 0.3974802234 	 0.0600737730 	 0.0000000000
1040 	 0.3974802234 	 0.0541861826 	 0.0000000000
1041 	 0.3974802234 	 0.0567772643 	 0.0000000000
1042 	 0.3974802234 	 0.0637709746 	 0.0000000000
1043 	 0.3974802234 	 0.0534719628 	 0.0000000000
1044 	 0.3974802234 	 0.0463950808 	 0.0000000000
1045 	 0.3974802234 	 0.0614640119 	 0.0000000000
1046 	 0.3974802234 	 0.0614521278 	 0.0000000000
1047 	 0.3974802234 	 0.0458794635 	 0.0000000000
1048 	 0.3974802234 	 0.0496918164 	 0.0000000000
1049 	 0.3974802234 	 0.0465252055 	 0.0000000000
1050 	 0.3974802234 	 0.0593195122 	 0.0000000000
1051 	 0.3974802234 	 0.0520564080 	 0.0000000000
1052 	 0.3974802234 	 0.0687665778 	 0.0000000000
1053 	 0.3974802234 	 0.0463318453 	 0.0000000000
1054 	 0.3974802234 	 0.0655877644 	 0.0000000000
1055 	 0.3974802234 	 0.0638996163 	 0.0000000000
1056 	 0.3974802234 	 0.0610351138 	 0.0000000000
1057 	 0.3974802234 	 0.0414707645 	 0.0000000000
1058 	 0.3974802234 	 0.0551566587 	 0.0000000000
1059 	 0.3974802234 	 0.0516152959 	 0.0000000000
1060 	 0.3974802234 	 0.0590332485 	 0.0000000000
1061 	 0.3974802234 	 0.0730321053 	 0.0000000000
1062 	 0.3974802234 	 0.0612592591 	 0.0000000000
1063 	 0.3974802234 	 0.0432609916 	 0.0000000000
1064 	 0.3974802234 	 0.0574748328 	 0.0000000000
1065 	 0.3974802234 	 0.0551231492 	 0.0000000000
1066 	 0.3974802234 	 0.0567667041 	 0.0000000000
1067 	 0.3974802234 	 0.0618606307 	 0.0000000000
1068 	 0.3974802234 	 0.0728021762 	 0.0000000000
1069 	 0.3974802234 	 0.0597429667 	 0.0000000000
1070 	 0.3974802234 	 0.0486310441 	 0.0000000000
1071 	 0.3974802234 	 0.0480096081 	 0.0000000000
1072 	 0.3974802234 	 0.0566878084 	 0.0000000000
1073 	 0.3974802234 	 0.0542429605 	 0.0000000000
1074 	 0.3974802234 	 0.0585154737 	 0.0000000000
1075 	 0.3974802234 	 0.0543604588 	 0.0000000000
1076 	 0.3974802234 	 0.0456098268 	 0.0000000000
1077 	 0.3974802234 	 0.0477612210 	 0.0000000000
1078 	 0.3974802234 	 0.0544016210 	 0.0000000000
1079 	 0.3974802234 	 0.0368510081 	 0.0000000000
1080 	 0.3974802234 	 0.0474195135 	 0.0000000000
1081 	 0.3974802234 	 0.0545964396 	 0.0000000000
1082 	 0.3974802234 	 0.0444663257 	 0.0000000000
1083 	 0.3974802234 	 0.0455161860 	 0.0000000000
1084 	 0.3974802234 	 0.0508760396 	 0.0000000000
1085 	 0.3974802234 	 0.0562572598 	 0.0000000000
1086 	 0.3974802234 	 0.0434781796 	 0.0000000000
1087 	 0.3974802234 	 0.0541104971 	 0.0000000000
1088 	 0.3974802234 	 0.0670714902 	 0.0000000000
1089 	 0.3974802234 	 0.0619659061 	 0.0000000000
1090 	 0.3974802234 	 0.0495603284 	 0.0000000000
1091 	 0.3974802234 	 0.0635174015 	 0.0000000000
1092 	 0.3974802234 	 0.0590646926 	 0.0000000000
1093 	 0.3974802234 	 0.0401987911 	 0.0000000000
1094 	 0.3974802234 	 0.0621316276 	 0.0000000000
1095 	 0.3974802234 	 0.0510288296 	 0.0000000000
1096 	 0.3974802234 	 0.0582692317 	 0.0000000000
1097 	 0.3974802234 	 0.0562254032 	 0.0000000000
1098 	 0.3974802234 	 0.0406081738 	 0.0000000000
1099 	 0.3974802234 	 0.0501660910 	 0.0000000000
1100 	 0.3974802234 	 0.0527242228 	 0.0000000000
1101 	 0.3974802234 	 0.0563093361 	 0.0000000000
1102 	 0.3974802234 	 0.0489855757 	 0.0000000000
1103 	 0.3974802234 	 0.0707403955 	 0.0000000000
1104 	 0.3974802234 	 0.0497417918 	 0.0000000000
1105 	 0.3974802234 	 0.0640435392 	 0.0000000000
1106 	 0.3974802234 	 0.0593015931 	 0.0000000000
1107 	 0.3974802234 	 0.0529471226 	 0.0000000000
1108 	 0.3974802234 	 0.0720689249 	 0.0000000000
1109 	 0.3974802234 	 0.0473523773 	 0.0000000000
1110 	 0.3974802234 	 0.0437306208 	 0.0000000000
1111 	 0.3974802234 	 0.0546906546 	 0.0000000000
1112 	 0.3974802234 	 0.0471479604 	 0.0000000000
1113 	 0.3974802234 	 0.0629283566 	 0.0000000000
1114 	 0.3974802234 	 0.0486084182 	 0.0000000000
1115 	 0.3974802234 	 0.0474930952 	 0.0000000000
1116 	 0.3974802234 	 0.0536690045 	 0.0000000000
1117 	 0.3974802234 	 0.0589411309 	 0.0000000000
1118 	 0.3974802234 	 0.0577365378 	 0.0000000000
1119 	 0.3974802234 	 0.0429425697 	 0.0000000000
1120 	 0.3974802234 	 0.0501440282 	 0.0000000000
1121 	 0.3974802234 	 0.0613322853 	 0.0000000000
1122 	 0.3974802234 	 0.0429056734 	 0.0000000000
1123 	 0.3974802234 	 0.0552333704 	 0.0000000000
1124 	 0.3974802234 	 0.0653172942 	 0.0000000000
1125 	 0.3974802234 	 0.0480879977 	 0.0000000000
1126 	 0.3974802234 	 0.0550138836 	 0.0000000000
1127 	 0.3974802234 	 0.0510147568 	 0.0000000000
1128 	 0.3974802234 	 0.0511919514 	 0.0000000000
1129 	 0.3974802234 	 0.0539968375 	 0.0000000000
1130 	 0.3974802234 	 0.0625728879 	 0.0000000000
1131 	 0.3974802234 	 0.0559727093 	 0.0000000000
1132 	 0.3974802234 	 0.0593400901 	 0.0000000000
1133 	 0.3974802234 	 0.0433659954 	 0.0000000000
1134 	 0.3974802234 	 0.0513302942 	 0.0000000000
1135 	 0.3974802234 	 0.0585099445 	 0.0000000000
1136 	 0.3974802234 	 0.0649540739 	 0.0000000000
1137 	 0.3974802234 	 0.0566769809 	 0.0000000000
1138 	 0.3974802234 	 0.0624057207 	 0.0000000000
1139 	 0.3974802234 	 0.0446876503 	 0.0000000000
1140 	 0.3974802234 	 0.0716396466 	 0.0000000000
1141 	 0.3974802234 	 0.0717653380 	 0.0000000000
1142 	 0.3974802234 	 0.0559411371 	 0.0000000000
1143 	 0.3974802234 	 0.0570792225 	 0.0000000000
1144 	 0.3974802234 	 0.0577427228 	 0.0000000000
1145 	 0.3974802234 	 0.0452349821 	 0.0000000000
1146 	 0.3974802234 	 0.0617976420 	 0.0000000000
1147 	 0.3974802234 	 0.0550268936 	 0.0000000000
1148 	 0.3974802234 	 0.0416041990 	 0.0000000000
1149 	 0.3974802234 	 0.0573932699 	 0.0000000000
1150 	 0.3974802234 	 0.0537947568 	 0.0000000000
1151 	 0.3974802234 	 0.0409088346 	 0.0000000000
1152 	 0.3974802234 	 0.0548101333 	 0.0000000000
1153 	 0.3974802234 	 0.0577263967 	 0.0000000000
1154 	 0.3974802234 	 0.0430670502 	 0.0000000000
1155 	 0.3974802234 	 0.0451081658 	 0.0000000000
1156 	 0.3974802234 	 0.0588924030 	 0.0000000000
1157 	 0.3974802234 	 0.0524593372 	 0.0000000000
1158 	 0.3974802234 	 0.0468985108 	 0.0000000000
1159 	 0.3974802234 	 0.0470144598 	 0.0000000000
1160 	 0.3974802234 	 0.0465449768 	 0.0000000000
1161 	 0.3974802234 	 0.0643279307 	 0.0000000000
1162 	 0.3974802234 	 0.0604118620 	 0.0000000000
1163 	 0.3974802234 	 0.0602212019 	 0.0000000000
1164 	 0.3974802234 	 0.0646546262 	 0.0000000000
1165 	 0.3974802234 	 0.0609719551 	 0.0000000000
1166 	 0.3974802234 	 0.0883941457 	 0.0000000000
1167 	 0.3974802234 	 0.0720399756 	 0.0000000000
1168 	 0.3974802234 	 0.0689846580 	 0.0000000000
1169 	 0.3974802234 	 0.0575727185 	 0.0000000000
1170 	 0.3974802234 	 0.0547715068 	 0.0000000000
1171 	 0.3974802234 	 0.0552732740 	 0.0000000000
1172 	 0.3974802234 	 0.0793546696 	 0.0000000000
1173 	 0.3974802234 	 0.0475373943 	 0.0000000000
1174 	 0.3974802234 	 0.0626921002 	 0.0000000000
1175 	 0.3974802234 	 0.0428237527 	 0.0000000000
1176 	 0.3974802234 	 0.0457323674 	 0.0000000000
1177 	 0.3974802234 	 0.0432648333 	 0.0000000000
1178 	 0.3974802234 	 0.0486451204 	 0.0000000000
1179 	 0.3974802234 	 0.0584348459 	 0.0000000000
1180 	 0.3974802234 	 0.0535866743 	 0.0000000000
1181 	 0.3974802234 	 0.0498705036 	 0.0000000000
1182 	 0.3974802234 	 0.0625071559 	 0.0000000000
1183 	 0.3974802234 	 0.0436205366 	 0.0000000000
1184 	 0.3974802234 	 0.0560844037 	 0.0000000000
1185 	 0.3974802234 	 0.0574140340 	 0.0000000000
1186 	 0.3974802234 	 0.0642287076 	 0.0000000000
1187 	 0.3974802234 	 0.0596826024 	 0.0000000000
1188 	 0.3974802234 	 0.0485335420 	 0.0000000000
1189 	 0.3974802234 	 0.0572983397 	 0.0000000000
1190 	 0.3974802234 	 0.0481811445 	 0.0000000000
1191 	 0.3974802234 	 0.0435567382 	 0.0000000000
1192 	 0.3974802234 	 0.0454097677 	 0.0000000000
1193 	 0.3974802234 	 0.0541278631 	 0.0000000000
1194 	 0.3974802234 	 0.0691408989 	 0.0000000000
1195 	 0.3974802234 	 0.0608245729 	 0.0000000000
1196 	 0.3974802234 	 0.0580923990 	 0.0000000000
1197 	 0.3974802234 	 0.0531186917 	 0.0000000000
1198 	 0.3974802234 	 0.0599315642 	 0.0000000000
1199 	 0.3974802234 	 0.0416960143 	 0.0000000000
1200 	 0.3974802234 	 0.0549547403 	 0.0000000000
1201 	 0.3974802234 	 0.0507749950 	 0.0000000000
1202 	 0.3974802234 	 0.0489664227 	 0.0000000000
1203 	 0.3974802234 	 0.0628282797 	 0.0000000000
1204 	 0.3974802234 	 0.0551692453 	 0.0000000000
1205 	 0.3974802234 	 0.0670389357 	 0.0000000000
1206 	 0.3974802234 	 0.0581015658 	 0.0000000000
1207 	 0.3974802234 	 0.0460153108 	 0.0000000000
1208 	 0.3974802234 	 0.0623341231 	 0.0000000000
1209 	 0.3974802234 	 0.0578232142 	 0.0000000000
1210 	 0.3974802234 	 0.0471582737 	 0.0000000000
1211 	 0.3974802234 	 0.0551698385 	 0.0000000000
1212 	 0.3974802234 	 0.0602251098 	 0.0000000000
1213 	 0.3974802234 	 0.0520797384 	 0.0000000000
1214 	 0.3974802234 	 0.0507167134 	 0.0000000000
1215 	 0.3974802234 	 0.0448875459 	 0.0000000000
1216 	 0.3974802234 	 0.0710154718 	 0.0000000000
1217 	 0.3974802234 	 0.0540973539 	 0.0000000000
1218 	 0.3974802234 	 0.0490471319 	 0.0000000000
1219 	 0.3974802234 	 0.0501194612 	 0.0000000000
1220 	 0.3974802234 	 0.0568212372 	 0.0000000000
1221 	 0.3974802234 	 0.0505806374 	 0.0000000000
1222 	 0.3974802234 	 0.0476110917 	 0.0000000000
1223 	 0.3974802234 	 0.0619052454 	 0.0000000000
1224 	 0.3974802234 	 0.0563810123 	 0.0000000000
1225 	 0.3974802234 	 0.0648193724 	 0.0000000000
1226 	 0.3974802234 	 0.0572263531 	 0.0000000000
1227 	 0.3974802234 	 0.0458580118 	 0.0000000000
1228 	 0.3974802234 	 0.0609532081 	 0.0000000000
1229 	 0.3974802234 	 0.0536327344 	 0.0000000000
1230 	 0.3974802234 	 0.0523333145 	 0.0000000000
1231 	 0.3974802234 	 0.0736277045 	 0.0000000000
1232 	 0.3974802234 	 0.0542236032 	 0.0000000000
1233 	 0.3974802234 	 0.0616692165 	 0.0000000000
1234 	 0.3974802234 	 0.0433289243 	 0.0000000000
1235 	 0.3974802234 	 0.0697292814 	 0.0000000000
1236 	 0.3974802234 	 0.0592142331 	 0.0000000000
1237 	 0.3974802234 	 0.0498324402 	 0.0000000000
1238 	 0.3974802234 	 0.0527687221 	 0.0000000000
1239 	 0.3974802234 	 0.0624807014 	 0.0000000000
1240 	 0.3974802234 	 0.0549203282 	 0.0000000000
1241 	 0.3974802234 	 0.0482924241 	 0.0000000000
1242 	 0.3974802234 	 0.0610113203 	 0.0000000000
1243 	 0.3974802234 	 0.0525155185 	 0.0000000000
1244 	 0.3974802234 	 0.0506243414 	 0.0000000000
1245 	 0.3974802234 	 0.0521792455 	 0.0000000000
1246 	 0.3974802234 	 0.0532490329 	 0.0000000000
1247 	 0.3974802234 	 0.0515506351 	 0.0000000000
1248 	 0.3974802234 	 0.0540480550 	 0.0000000000
1249 	 0.3974802234 	 0.0611954700 	 0.0000000000
1250 	 0.3974802234 	 0.0489403235 	 0.0000000000
1251 	 0.3974802234 	 0.0450731787 	 0.0000000000
1252 	 0.3974802234 	 0.0460086062 	 0.0000000000
1253 	 0.3974802234 	 0.0473617037 	 0.0000000000
1254 	 0.3974802234 	 0.0636465246 	 0.0000000000
1255 	 0.3974802234 	 0.0552942519 	 0.0000000000
1256 	 0.3974802234 	 0.0720373829 	 0.0000000000
1257 	 0.3974802234 	 0.0500344775 	 0.0000000000
1258 	 0.3974802234 	 0.0524137508 	 0.0000000000
1259 	 0.3974802234 	 0.0476381498 	 0.0000000000
1260 	 0.3974802234 	 0.0561373618 	 0.0000000000
1261 	 0.3974802234 	 0.0540696711 	 0.0000000000
1262 	 0.3974802234 	 0.0489974822 	 0.0000000000
1263 	 0.3974802234 	 0.0528476063 	 0.0000000000
1264 	 0.3974802234 	 0.0451959774 	 0.0000000000
1265 	 0.3974802234 	 0.0406597455 	 0.0000000000
1266 	 0.3974802234 	 0.0662860625 	 0.0000000000
1267 	 0.3974802234 	 0.0428111247 	 0.0000000000
1268 	 0.3974802234 	 0.0504404272 	 0.0000000000
1269 	 0.3974802234 	 0.0688356162 	 0.0000000000
1270 	 0.3974802234 	 0.0495631581 	 0.0000000000
1271 	 0.3974802234 	 0.0645501142 	 0.0000000000
1272 	 0.3974802234 	 0.0486091960 	 0.0000000000
1273 	 0.3974802234 	 0.0430822372 	 0.0000000000
1274 	 0.3974802234 	 0.0476552589 	 0.0000000000
1275 	 0.3974802234 	 0.0519954563 	 0.0000000000
1276 	 0.3974802234 	 0.0652754278 	 0.0000000000
1277 	 0.3974802234 	 0.0543609114 	 0.0000000000
1278 	 0.3974802234 	 0.0575109184 	 0.0000000000
1279 	 0.3974802234 	 0.0525956363 	 0.0000000000
1280 	 0.3974802234 	 0.0650048212 	 0.0000000000
1281 	 0.3974802234 	 0.0521636878 	 0.0000000000
1282 	 0.3974802234 	 0.0476231618 	 0.0000000000
1283 	 0.3974802234 	 0.0599580109 	 0.0000000000
1284 	 0.3974802234 	 0.0547577254 	 0.0000000000
1285 	 0.3974802234 	 0.0644430058 	 0.0000000000
1286 	 0.3974802234 	 0.0462103557 	 0.0000000000
1287 	 0.3974802234 	 0.0570235028 	 0.0000000000
1288 	 0.3974802234 	 0.0613562411 	 0.0000000000
1289 	 0.3974802234 	 0.0489521011 	 0.0000000000
1290 	 0.3974802234 	 0.0529918570 	 0.0000000000
1291 	 0.3974802234 	 0.0610481236 	 0.0000000000
1292 	 0.3974802234 	 0.0465658989 	 0.0000000000
1293 	 0.3974802234 	 0.0494935893 	 0.0000000000
1294 	 0.3974802234 	 0.0457755949 	 0.0000000000
1295 	 0.3974802234 	 0.0517156722 	 0.0000000000
1296 	 0.3974802234 	 0.0549468417 	 0.0000000000
1297 	 0.3974802234 	 0.0577961857 	 0.0000000000
1298 	 0.3974802234 	 0.0618777034 	 0.0000000000
1299 	 0.3974802234 	 0.0654429261 	 0.0000000000
1300 	 0.3974802234 	 0.0619809374 	 0.0000000000
1301 	 0.3974802234 	 0.0484508622 	 0.0000000000
1302 	 0.3974802234 	 0.0469225526 	 0.0000000000
1303 	 0.3974802234 	 0.0529369281 	 0.0000000000
1304 	 0.3974802234 	 0.0539746574 	 0.0000000000
1305 	 0.3974802234 	 0.0636208920 	 0.0000000000
1306 	 0.3974802234 	 0.0546159955 	 0.0000000000
1307 	 0.3974802234 	 0.0609849837 	 0.0000000000
1308 	 0.3974802234 	 0.0732062149 	 0.0000000000
1309 	 0.3974802234 	 0.0650820165 	 0.0000000000
1310 	 0.3974802234 	 0.0678118590 	 0.0000000000
1311 	 0.3974802234 	 0.0611187236 	 0.0000000000
1312 	 0.3974802234 	 0.0640479232 	 0.0000000000
1313 	 0.3974802234 	 0.0567045011 	 0.0000000000
1314 	 0.3974802234 	 0.0618706458 	 0.0000000000
1315 	 0.3974802234 	 0.0528369468 	 0.0000000000
1316 	 0.3974802234 	 0.0586779469 	 0.0000000000
1317 	 0.3974802234 	 0.0478453735 	 0.0000000000
1318 	 0.3974802234 	 0.0641514185 	 0.0000000000
1319 	 0.3974802234 	 0.0524265916 	 0.0000000000
1320 	 0.3974802234 	 0.0657582110 	 0.0000000000
1321 	 0.3974802234 	 0.0576957641 	 0.0000000000
1322 	 0.3974802234 	 0.0500736743 	 0.0000000000
1323 	 0.3974802234 	 0.0455567196 	 0.0000000000
1324 	 0.3974802234 	 0.0653291464 	 0.0000000000
1325 	 0.3974802234 	 0.0617877219 	 0.0000000000
1326 	 0.3974802234 	 0.0620991522 	 0.0000000000
1327 	 0.3974802234 	 0.0541100143 	 0.0000000000
1328 	 0.3974802234 	 0.0637902532 	 0.0000000000
1329 	 0.3974802234 	 0.0569534832 	 0.0000000000
1330 	 0.3974802234 	 0.0582040465 	 0.0000000000
1331 	 0.3974802234 	 0.0641167318 	 0.0000000000
1332 	 0.3974802234 	 0.0609368474 	 0.0000000000
1333 	 0.3974802234 	 0.0670729060 	 0.0000000000
1334 	 0.3974802234 	 0.0595702895 	 0.0000000000
1335 	 0.3974802234 	 0.0603124822 	 0.0000000000
1336 	 0.3974802234 	 0.0454354583 	 0.0000000000
1337 	 0.3974802234 	 0.0582297731 	 0.0000000000
1338 	 0.3974802234 	 0.0631940730 	 0.0000000000
1339 	 0.3974802234 	 0.0511001472 	 0.0000000000
1340 	 0.3974802234 	 0.0533456563 	 0.0000000000
1341 	 0.3974802234 	 0.0623326056 	 0.0000000000
1342 	 0.3974802234 	 0.0512120859 	 0.0000000000
1343 	 0.3974802234 	 0.0444846098 	 0.0000000000
1344 	 0.3974802234 	 0.0430239967 	 0.0000000000
1345 	 0.3974802234 	 0.0548566255 	 0.0000000000
1346 	 0.3974802234 	 0.0566509382 	 0.0000000000
1347 	 0.3974802234 	 0.0716667877 	 0.0000000000
1348 	 0.3974802234 	 0.0589675197 	 0.0000000000
1349 	 0.3974802234 	 0.0489436119 	 0.0000000000
1350 	 0.3974802234 	 0.0461183324 	 0.0000000000
1351 	 0.3974802234 	 0.0502885781 	 0.0000000000
1352 	 0.3974802234 	 0.0442998741 	 0.0000000000
1353 	 0.3974802234 	 0.0651185627 	 0.0000000000
1354 	 0.3974802234 	 0.0527812232 	 0.0000000000
1355 	 0.3974802234 	 0.0581988625 	 0.0000000000
1356 	 0.3974802234 	 0.0454806128 	 0.0000000000
1357 	 0.3974802234 	 0.0653384847 	 0.0000000000
1358 	 0.3974802234 	 0.0491565397 	 0.0000000000
1359 	 0.3974802234 	 0.0659177686 	 0.0000000000
1360 	 0.3974802234 	 0.0537594147 	 0.0000000000
1361 	 0.3974802234 	 0.0492000312 	 0.0000000000
1362 	 0.3974802234 	 0.0532214153 	 0.0000000000
1363 	 0.3974802234 	 0.0490474429 	 0.0000000000
1364 	 0.3974802234 	 0.0572436992 	 0.0000000000
1365 	 0.3974802234 	 0.0509235925 	 0.0000000000
1366 	 0.3974802234 	 0.0505812880 	 0.0000000000
1367 	 0.3974802234 	 0.0515440806 	 0.0000000000
1368 	 0.3974802234 	 0.0615614664 	 0.0000000000
1369 	 0.3974802234 	 0.0447899453 	 0.0000000000
1370 	 0.3974802234 	 0.0516274543 	 0.0000000000
1371 	 0.3974802234 	 0.0514054676 	 0.0000000000
1372 	 0.3974802234 	 0.0620015666 	 0.0000000000
1373 	 0.3974802234 	 0.0471117268 	 0.0000000000
1374 	 0.3974802234 	 0.0412463766 	 0.0000000000
1375 	 0.3974802234 	 0.0525995829 	 0.0000000000
1376 	 0.3974802234 	 0.0511394954 	 0.0000000000
1377 	 0.3974802234 	 0.0561868511 	 0.0000000000
1378 	 0.3974802234 	 0.0544692396 	 0.0000000000
1379 	 0.3974802234 	 0.0573296211 	 0.0000000000
1380 	 0.3974802234 	 0.0588132981 	 0.0000000000
1381 	 0.3974802234 	 0.0601884149 	 0.0000000000
1382 	 0.3974802234 	 0.0429031373 	 0.0000000000
1383 	 0.3974802234 	 0.0729255873 	 0.0000000000
1384 	 0.3974802234 	 0.0555439227 	 0.0000000000
1385 	 0.3974802234 	 0.0537143215 	 0.0000000000
1386 	 0.3974802234 	 0.0610422729 	 0.0000000000
1387 	 0.3974802234 	 0.0705019935 	 0.0000000000
1388 	 0.3974802234 	 0.0678733805 	 0.0000000000
1389 	 0.3974802234 	 0.0554986412 	 0.0000000000
1390 	 0.3974802234 	 0.0609458723 	 0.0000000000
1391 	 0.3974802234 	 0.0616289968 	 0.0000000000
1392 	 0.3974802234 	 0.0681657843 	 0.0000000000
1393 	 0.3974802234 	 0.0501121091 	 0.0000000000
1394 	 0.3974802234 	 0.0449376423 	 0.0000000000
1395 	 0.3974802234 	 0.0542158113 	 0.0000000000
1396 	 0.3974802234 	 0.0602563690 	 0.0000000000
1397 	 0.3974802234 	 0.0599205130 	 0.0000000000
1398 	 0.3974802234 	 0.0605364989 	 0.0000000000
1399 	 0.3974802234 	 0.0618003087 	 0.0000000000
1400 	 0.3974802234 	 0.0784639131 	 0.0000000000
1401 	 0.3974802234 	 0.0566921261 	 0.0000000000
1402 	 0.3974802234 	 0.0487768708 	 0.0000000000
1403 	 0.3974802234 	 0.0577399345 	 0.0000000000
1404 	 0.3974802234 	 0.0574735468 	 0.0000000000
1405 	 0.3974802234 	 0.0577414223 	 0.0000000000
1406 	 0.3974802234 	 0.0684984919 	 0.0000000000
1407 	 0.3974802234 	 0.0488908422 	 0.0000000000
1408 	 0.3974802234 	 0.0574909577 	 0.0000000000
1409 	 0.3974802234 	 0.0521027488 	 0.0000000000
1410 	 0.3974802234 	 0.0554759479 	 0.0000000000
1411 	 0.3974802234 	 0.0672690878 	 0.0000000000
1412 	 0.3974802234 	 0.0859460494 	 0.0000000000
1413 	 0.3974802234 	 0.0473504264 	 0.0000000000
1414 	 0.3974802234 	 0.0591104361 	 0.0000000000
1415 	 0.3974802234 	 0.0429928496 	 0.0000000000
1416 	 0.3974802234 	 0.0585855556 	 0.0000000000
1417 	 0.3974802234 	 0.0528621632 	 0.0000000000
1418 	 0.3974802234 	 0.0613524241 	 0.0000000000
1419 	 0.3974802234 	 0.0638672674 	 0.0000000000
1420 	 0.3974802234 	 0.0568394472 	 0.0000000000
1421 	 0.3974802234 	 0.0482970585 	 0.0000000000
1422 	 0.3974802234 	 0.0546801053 	 0.0000000000
1423 	 0.3974802234 	 0.0600590463 	 0.0000000000
1424 	 0.3974802234 	 0.0436929780 	 0.0000000000
1425 	 0.3974802234 	 0.0641813772 	 0.0000000000
1426 	 0.3974802234 	 0.0685146871 	 0.0000000000
1427 	 0.3974802234 	 0.0465688331 	 0.0000000000
1428 	 0.3974802234 	 0.0686056717 	 0.0000000000
1429 	 0.3974802234 	 0.0626432212 	 0.0000000000
1430 	 0.3974802234 	 0.0620208796 	 0.0000000000
1431 	 0.3974802234 	 0.0727338250 	 0.0000000000
1432 	 0.3974802234 	 0.0497893833 	 0.0000000000
1433 	 0.3974802234 	 0.0548573276 	 0.0000000000
1434 	 0.3974802234 	 0.0692031063 	 0.0000000000
1435 	 0.3974802234 	 0.0519934082 	 0.0000000000
1436 	 0.3974802234 	 0.0654657008 	 0.0000000000
1437 	 0.3974802234 	 0.0536413187 	 0.0000000000
1438 	 0.3974802234 	 0.0578506711 	 0.0000000000
1439 	 0.3974802234 	 0.0493241361 	 0.0000000000
1440 	 0.3974802234 	 0.0481912932 	 0.0000000000
1441 	 0.3974802234 	 0.0519576515 	 0.0000000000
1442 	 0.3974802234 	 0.0469121535 	 0.0000000000
1443 	 0.3974802234 	 0.0450354326 	 0.0000000000
1444 	 0.3974802234 	 0.0503638005 	 0.0000000000
1445 	 0.3974802234 	 0.0491566706 	 0.0000000000
1446 	 0.3974802234 	 0.0563707343 	 0.0000000000
1447 	 0.3974802234 	 0.0474348649 	 0.0000000000
1448 	 0.3974802234 	 0.0579094699 	 0.0000000000
1449 	 0.3974802234 	 0.0482564873 	 0.0000000000
1450 	 0.3974802234 	 0.0425703114 	 0.0000000000
1451 	 0.3974802234 	 0.0695738540 	 0.0000000000
1452 	 0.3974802234 	 0.0500513639 	 0.0000000000
1453 	 0.3974802234 	 0.0763186771 	 0.0000000000
1454 	 0.3974802234 	 0.0500581997 	 0.0000000000
1455 	 0.3974802234 	 0.0438985298 	 0.0000000000
1456 	 0.3974802234 	 0.0505567262 	 0.0000000000
1457 	 0.3974802234 	 0.0613047761 	 0.0000000000
1458 	 0.3974802234 	 0.0709097552 	 0.0000000000
1459 	 0.3974802234 	 0.0567579627 	 0.0000000000
1460 	 0.3974802234 	 0.0457920177 	 0.0000000000
1461 	 0.3974802234 	 0.0500187123 	 0.0000000000
1462 	 0.3974802234 	 0.0470378367 	 0.0000000000
1463 	 0.3974802234 	 0.0491191013 	 0.0000000000
1464 	 0.3974802234 	 0.0405128552 	 0.0000000000
1465 	 0.3974802234 	 0.0445910424 	 0.0000000000
1466 	 0.3974802234 	 0.0517545289 	 0.0000000000
1467 	 0.3974802234 	 0.0521842407 	 0.0000000000
1468 	 0.3974802234 	 0.0644311537 	 0.0000000000
1469 	 0.3974802234 	 0.0472627316 	 0.0000000000
1470 	 0.3974802234 	 0.0645355573 	 0.0000000000
1471 	 0.3974802234 	 0.0529959053 	 0.0000000000
1472 	 0.3974802234 	 0.0707728539 	 0.0000000000
1473 	 0.3974802234 	 0.0466384824 	 0.0000000000
1474 	 0.3974802234 	 0.0542668073 	 0.0000000000
1475 	 0.3974802234 	 0.0444372630 	 0.0000000000
1476 	 0.3974802234 	 0.0495056159 	 0.0000000000
1477 	 0.3974802234 	 0.0399259919 	 0.0000000000
1478 	 0.3974802234 	 0.0639275872 	 0.0000000000
1479 	 0.3974802234 	 0.0597365228 	 0.0000000000
1480 	 0.3974802234 	 0.0662859309 	 0.0000000000
1481 	 0.3974802234 	 0.0564067792 	 0.0000000000
1482 	 0.3974802234 	 0.0429193443 	 0.0000000000
1483 	 0.3974802234 	 0.0552792081 	 0.0000000000
1484 	 0.3974802234 	 0.0636714070 	 0.0000000000
1485 	 0.3974802234 	 0.0520189624 	 0.0000000000
1486 	 0.3974802234 	 0.0448941725 	 0.0000000000
1487 	 0.3974802234 	 0.0523815077 	 0.0000000000
1488 	 0.3974802234 	 0.0525273874 	 0.0000000000
1489 	 0.3974802234 	 0.0618624283 	 0.0000000000
1490 	 0.3974802234 	 0.0432936357 	 0.0000000000
1491 	 0.3974802234 	 0.0590477906 	 0.0000000000
1492 	 0.3974802234 	 0.0466092410 	 0.0000000000
1493 	 0.3974802234 	 0.0520971921 	 0.0000000000
1494 	 0.3974802234 	 0.0537323092 	 0.0000000000
1495 	 0.3974802234 	 0.0603615794 	 0.0000000000
1496 	 0.3974802234 	 0.0537901474 	 0.0000000000
1497 	 0.3974802234 	 0.0635840790 	 0.0000000000
1498 	 0.3974802234 	 0.0475060120 	 0.0000000000
1499 	 0.3974802234 	 0.0556325567 	 0.0000000000
1500 	 0.3974802234 	 0.0536120482 	 0.0000000000
1501 	 0.3974802234 	 0.0614028509 	 0.0000000000
1502 	 0.3974802234 	 0.0666190549 	 0.0000000000
1503 	 0.3974802234 	 0.0682978527 	 0.0000000000
1504 	 0.3974802234 	 0.0756052397 	 0.0000000000
1505 	 0.3974802234 	 0.0541808339 	 0.0000000000
1506 	 0.3974802234 	 0.0513076940 	 0.0000000000
1507 	 0.3974802234 	 0.0501461802 	 0.0000000000
1508 	 0.3974802234 	 0.0533149997 	 0.0000000000
1509 	 0.3974802234 	 0.0487371320 	 0.0000000000
1510 	 0.3974802234 	 0.0569578146 	 0.0000000000
1511 	 0.3974802234 	 0.0664877353 	 0.0000000000
1512 	 0.3974802234 	 0.0584465182 	 0.0000000000
1513 	 0.3974802234 	 0.0643968591 	 0.0000000000
1514 	 0.3974802234 	 0.0613326636 	 0.0000000000
1515 	 0.3974802234 	 0.0543663187 	 0.0000000000
1516 	 0.3974802234 	 0.0681358748 	 0.0000000000
1517 	 0.3974802234 	 0.0561821992 	 0.0000000000
1518 	 0.3974802234 	 0.0639373515 	 0.0000000000
1519 	 0.3974802234 	 0.0631769635 	 0.0000000000
1520 	 0.3974802234 	 0.0438200060 	 0.0000000000
1521 	 0.3974802234 	 0.0520677430 	 0.0000000000
1522 	 0.3974802234 	 0.0475273065 	 0.0000000000
1523 	 0.3974802234 	 0.0506434142 	 0.0000000000
1524 	 0.3974802234 	 0.0649715067 	 0.0000000000
1525 	 0.3974802234 	 0.0748794029 	 0.0000000000
1526 	 0.3974802234 	 0.0631178232 	 0.0000000000
1527 	 0.3974802234 	 0.0568232902 	 0.0000000000
1528 	 0.3974802234 	 0.0471272373 	 0.0000000000
1529 	 0.3974802234 	 0.0446909764 	 0.0000000000
1530 	 0.3974802234 	 0.0566887305 	 0.0000000000
1531 	 0.3974802234 	 0.0514517947 	 0.0000000000
1532 	 0.3974802234 	 0.0529694395 	 0.0000000000
1533 	 0.3974802234 	 0.0611946006 	 0.0000000000
1534 	 0.3974802234 	 0.0615993260 	 0.0000000000
1535 	 0.3974802234 	 0.0505589527 	 0.0000000000
1536 	 0.3974802234 	 0.0617623222 	 0.0000000000
1537 	 0.3974802234 	 0.0670830338 	 0.0000000000
1538 	 0.3974802234 	 0.0594874032 	 0.0000000000
1539 	 0.3974802234 	 0.0435951052 	 0.0000000000
1540 	 0.3974802234 	 0.0492599688 	 0.0000000000
1541 	 0.3974802234 	 0.0422365947 	 0.0000000000
1542 	 0.3974802234 	 0.0581756986 	 0.0000000000
1543 	 0.3974802234 	 0.0452467295 	 0.0000000000
1544 	 0.3974802234 	 0.0516272638 	 0.0000000000
1545 	 0.3974802234 	 0.0461682315 	 0.0000000000
1546 	 0.3974802234 	 0.0454981116 	 0.0000000000
1547 	 0.3974802234 	 0.0575267445 	 0.0000000000
1548 	 0.3974802234 	 0.0514254655 	 0.0000000000
1549 	 0.3974802234 	 0.0453033443 	 0.0000000000
1550 	 0.3974802234 	 0.0589295974 	 0.0000000000
1551 	 0.3974802234 	 0.0628750688 	 0.0000000000
1552 	 0.3974802234 	 0.0653077606 	 0.0000000000
1553 	 0.3974802234 	 0.0443704570 	 0.0000000000
1554 	 0.3974802234 	 0.0567393693 	 0.0000000000
1555 	 0.3974802234 	 0.0423678950 	 0.0000000000
1556 	 0.3974802234 	 0.0549676977 	 0.0000000000
1557 	 0.3974802234 	 0.0784489326 	 0.0000000000
1558 	 0.3974802234 	 0.0534947251 	 0.0000000000
1559 	 0.3974802234 	 0.0579222655 	 0.0000000000
1560 	 0.3974802234 	 0.0604513910 	 0.0000000000
1561 	 0.3974802234 	 0.0588963485 	 0.0000000000
1562 	 0.3974802234 	 0.0712412625 	 0.0000000000
1563 	 0.3974802234 	 0.0550853806 	 0.0000000000
1564 	 0.3974802234 	 0.0593892835 	 0.0000000000
1565 	 0.3974802234 	 0.0588447032 	 0.0000000000
1566 	 0.3974802234 	 0.0443747568 	 0.0000000000
1567 	 0.3974802234 	 0.0586253316 	 0.0000000000
1568 	 0.3974802234 	 0.0558127214 	 0.0000000000
1569 	 0.3974802234 	 0.0458878612 	 0.0000000000
1570 	 0.3974802234 	 0.0505955763 	 0.0000000000
1571 	 0.3974802234 	 0.0601336164 	 0.0000000000
1572 	 0.3974802234 	 0.0511579658 	 0.0000000000
1573 	 0.3974802234 	 0.0673436538 	 0.0000000000
1574 	 0.3974802234 	 0.0510327640 	 0.0000000000
1575 	 0.3974802234 	 0.0567669049 	 0.0000000000
1576 	 0.3974802234 	 0.0529163818 	 0.0000000000
1577 	 0.3974802234 	 0.0559111029 	 0.0000000000
1578 	 0.3974802234 	 0.0509601078 	 0.0000000000
1579 	 0.3974802234 	 0.0502230407 	 0.0000000000
1580 	 0.3974802234 	 0.0511867154 	 0.0000000000
1581 	 0.3974802234 	 0.0563128567 	 0.0000000000
1582 	 0.3974802234 	 0.0479097264 	 0.0000000000
1583 	 0.3974802234 	 0.0594737635 	 0.0000000000
1584 	 0.3974802234 	 0.0737751807 	 0.0000000000
1585 	 0.3974802234 	 0.0705184427 	 0.0000000000
1586 	 0.3974802234 	 0.0718559462 	 0.0000000000
1587 	 0.3974802234 	 0.0594575017 	 0.0000000000
1588 	 0.3974802234 	 0.0572907838 	 0.0000000000
1589 	 0.3974802234 	 0.0790017724 	 0.0000000000
1590 	 0.3974802234 	 0.0683431998 	 0.0000000000
1591 	 0.3974802234 	 0.0631921792 	 0.0000000000
1592 	 0.3974802234 	 0.0730261576 	 0.0000000000
1593 	 0.3974802234 	 0.0491137933 	 0.0000000000
1594 	 0.3974802234 	 0.0741170181 	 0.0000000000
1595 	 0.3974802234 	 0.0424795973 	 0.0000000000
1596 	 0.3974802234 	 0.0583943157 	 0.0000000000
1597 	 0.3974802234 	 0.0500023329 	 0.0000000000
1598 	 0.3974802234 	 0.0522865331 	 0.0000000000
1599 	 0.3974802234 	 0.0656883283 	 0.0000000000
1600 	 0.3974802234 	 0.0668548538 	 0.0000000000
1601 	 0.3974802234 	 0.0416685808 	 0.0000000000
1602 	 0.3974802234 	 0.0590644458 	 0.0000000000
1603 	 0.3974802234 	 0.0642969500 	 0.0000000000
1604 	 0.3974802234 	 0.0518136870 	 0.0000000000
1605 	 0.3974802234 	 0.0502276158 	 0.0000000000
1606 	 0.3974802234 	 0.0711626390 	 0.0000000000
1607 	 0.3974802234 	 0.0539620957 	 0.0000000000
1608 	 0.3974802234 	 0.0460424435 	 0.0000000000
1609 	 0.3974802234 	 0.0387953642 	 0.0000000000
1610 	 0.3974802234 	 0.0703535093 	 0.0000000000
1611 	 0.3974802234 	 0.0705850274 	 0.0000000000
1612 	 0.3974802234 	 0.0481028487 	 0.0000000000
1613 	 0.3974802234 	 0.0507724986 	 0.0000000000
1614 	 0.3974802234 	 0.0602331344 	 0.0000000000
1615 	 0.3974802234 	 0.0529320300 	 0.0000000000
1616 	 0.3974802234 	 0.0592209176 	 0.0000000000
1617 	 0.3974802234 	 0.0478020571 	 0.0000000000
1618 	 0.3974802234 	 0.0472795157 	 0.0000000000
1619 	 0.3974802234 	 0.0524640802 	 0.0000000000
1620 	 0.3974802234 	 0.0649497865 	 0.0000000000
1621 	 0.3974802234 	 0.0647889254 	 0.0000000000
1622 	 0.3974802234 	 0.0615366032 	 0.0000000000
1623 	 0.3974802234 	 0.0615060786 	 0.0000000000
1624 	 0.3974802234 	 0.0649271373 	 0.0000000000
1625 	 0.3974802234 	 0.0689219276 	 0.0000000000
1626 	 0.3974802234 	 0.0814467104 	 0.0000000000
1627 	 0.3974802234 	 0.0564447920 	 0.0000000000
1628 	 0.3974802234 	 0.0538419717 	 0.0000000000
1629 	 0.3974802234 	 0.0688550587 	 0.0000000000
1630 	 0.3974802234 	 0.0714668809 	 0.0000000000
1631 	 0.3974802234 	 0.0500247461 	 0.0000000000
1632 	 0.3974802234 	 0.0587473443 	 0.0000000000
1633 	 0.3974802234 	 0.0527296844 	 0.0000000000
1634 	 0.3974802234 	 0.0573740038 	 0.0000000000
1635 	 0.3974802234 	 0.0477226018 	 0.0000000000
1636 	 0.3974802234 	 0.0456918156 	 0.0000000000
1637 	 0.3974802234 	 0.0646269536 	 0.0000000000
1638 	 0.3974802234 	 0.0508239667 	 0.0000000000
1639 	 0.3974802234 	 0.0605256524 	 0.0000000000
1640 	 0.3974802234 	 0.0599251847 	 0.0000000000
1641 	 0.3974802234 	 0.0615298603 	 0.0000000000
1642 	 0.3974802234 	 0.0544455718 	 0.0000000000
1643 	 0.3974802234 	 0.0542354926 	 0.0000000000
1644 	 0.3974802234 	 0.0622586974 	 0.0000000000
1645 	 0.3974802234 	 0.0632638624 	 0.0000000000
1646 	 0.3974802234 	 0.0547953275 	 0.0000000000
1647 	 0.3974802234 	 0.0541708691 	 0.0000000000
1648 	 0.3974802234 	 0.0556296484 	 0.0000000000
1649 	 0.3974802234 	 0.0420449575 	 0.0000000000
1650 	 0.3974802234 	 0.0592863217 	 0.0000000000
1651 	 0.3974802234 	 0.0411489690 	 0.0000000000
1652 	 0.3974802234 	 0.0602257541 	 0.0000000000
1653 	 0.3974802234 	 0.0611451986 	 0.0000000000
1654 	 0.3974802234 	 0.0672716721 	 0.0000000000
1655 	 0.3974802234 	 0.0665841537 	 0.0000000000
1656 	 0.3974802234 	 0.0427654045 	 0.0000000000
1657 	 0.3974802234 	 0.0758212544 	 0.0000000000
1658 	 0.3974802234 	 0.0523254625 	 0.0000000000
1659 	 0.3974802234 	 0.0424424036 	 0.0000000000
1660 	 0.3974802234 	 0.0541442007 	 0.0000000000
1661 	 0.3974802234 	 0.0716043755 	 0.0000000000
1662 	 0.3974802234 	 0.0733953565 	 0.0000000000
1663 	 0.3974802234 	 0.0526455410 	 0.0000000000
1664 	 0.3974802234 	 0.0825686446 	 0.0000000000
1665 	 0.3974802234 	 0.0718604065 	 0.0000000000
1666 	 0.3974802234 	 0.0499998274 	 0.0000000000
1667 	 0.3974802234 	 0.0421228485 	 0.0000000000
1668 	 0.3974802234 	 0.0563306701 	 0.0000000000
1669 	 0.3974802234 	 0.0489253018 	 0.0000000000
1670 	 0.3974802234 	 0.0416784206 	 0.0000000000
1671 	 0.3974802234 	 0.0477969572 	 0.0000000000
1672 	 0.3974802234 	 0.0593025773 	 0.0000000000
1673 	 0.3974802234 	 0.0599649089 	 0.0000000000
1674 	 0.3989501308 	 0.0646199539 	 0.0000000000
1675 	 0.3989501308 	 0.0563745777 	 0.0000000000
1676 	 0.3989501308 	 0.0520388322 	 0.0000000000
1677 	 0.3989501308 	 0.0495705172 	 0.0000000000
1678 	 0.3989501308 	 0.0688567369 	 0.0000000000
1679 	 0.3989501308 	 0.0468730994 	 0.0000000000
1680 	 0.3989501308 	 0.0602110546 	 0.0000000000
1681 	 0.3989501308 	 0.0595674537 	 0.0000000000
1682 	 0.3989501308 	 0.0450501267 	 0.0000000000
1683 	 0.3989501308 	 0.0552468998 	 0.0000000000
1684 	 0.3989501308 	 0.0630704570 	 0.0000000000
1685 	 0.3989501308 	 0.0520782699 	 0.0000000000
1686 	 0.3989501308 	 0.0482828568 	 0.0000000000
1687 	 0.3989501308 	 0.0521933130 	 0.0000000000
1688 	 0.3989501308 	 0.0534102689 	 0.0000000000
1689 	 0.3989501308 	 0.0615624719 	 0.0000000000
1690 	 0.3989501308 	 0.0622043741 	 0.0000000000
1691 	 0.3989501308 	 0.0600495227 	 0.0000000000
1692 	 0.3989501308 	 0.0641977358 	 0.0000000000
1693 	 0.3989501308 	 0.0563915735 	 0.0000000000
1694 	 0.3989501308 	 0.0518074469 	 0.0000000000
1695 	 0.3989501308 	 0.0610869857 	 0.0000000000
1696 	 0.3989501308 	 0.0776385517 	 0.0000000000
1697 	 0.3989501308 	 0.0628320174 	 0.0000000000
1698 	 0.3989501308 	 0.0524316291 	 0.0000000000
1699 	 0.3989501308 	 0.0569570179 	 0.0000000000
1700 	 0.3989501308 	 0.0473264916 	 0.0000000000
1701 	 0.3989501308 	 0.0854611981 	 0.0000000000
1702 	 0.3989501308 	 0.0592531795 	 0.0000000000
1703 	 0.3989501308 	 0.0639186081 	 0.0000000000
1704 	 0.3989501308 	 0.0502736771 	 0.0000000000
1705 	 0.3989501308 	 0.0581355813 	 0.0000000000
1706 	 0.3989501308 	 0.0586928795 	 0.0000000000
1707 	 0.3989501308 	 0.0599973666 	 0.0000000000
1708 	 0.3989501308 	 0.0544650015 	 0.0000000000
1709 	 0.3989501308 	 0.0579638927 	 0.0000000000
1710 	 0.3989501308 	 0.0558326318 	 0.0000000000
1711 	 0.3989501308 	 0.0523535843 	 0.0000000000
1712 	 0.3989501308 	 0.0504638646 	 0.0000000000
1713 	 0.3989501308 	 0.0482501235 	 0.0000000000
1714 	 0.3989501308 	 0.0713291036 	 0.0000000000
1715 	 0.3989501308 	 0.0511400303 	 0.0000000000
1716 	 0.3989501308 	 0.0526625135 	 0.0000000000
1717 	 0.3989501308 	 0.0546242811 	 0.0000000000
1718 	 0.3989501308 	 0.0722270655 	 0.0000000000
1719 	 0.3989501308 	 0.0803042933 	 0.0000000000
1720 	 0.3989501308 	 0.0586952927 	 0.0000000000
1721 	 0.3989501308 	 0.0621959282 	 0.0000000000
1722 	 0.3989501308 	 0.0543499020 	 0.0000000000
1723 	 0.3989501308 	 0.0580428696 	 0.0000000000
1724 	 0.3989501308 	 0.0640403259 	 0.0000000000
1725 	 0.3989501308 	 0.0536439909 	 0.0000000000
1726 	 0.3989501308 	 0.0505851047 	 0.0000000000
1727 	 0.3989501308 	 0.0606112264 	 0.0000000000
1728 	 0.3989501308 	 0.0646095672 	 0.0000000000
1729 	 0.3989501308 	 0.0551990013 	 0.0000000000
1730 	 0.3989501308 	 0.0650306078 	 0.0000000000
1731 	 0.3989501308 	 0.0435945714 	 0.0000000000
1732 	 0.3989501308 	 0.0571355397 	 0.0000000000
1733 	 0.3989501308 	 0.0570934207 	 0.0000000000
1734 	 0.3989501308 	 0.0554620776 	 0.0000000000
1735 	 0.3989501308 	 0.0556066749 	 0.0000000000
1736 	 0.3989501308 	 0.0762153719 	 0.0000000000
1737 	 0.3989501308 	 0.0659909658 	 0.0000000000
1738 	 0.3989501308 	 0.0588255286 	 0.0000000000
1739 	 0.3989501308 	 0.0731613674 	 0.0000000000
1740 	 0.3989501308 	 0.0500254492 	 0.0000000000
1741 	 0.3989501308 	 0.0557771791 	 0.0000000000
1742 	 0.3989501308 	 0.0658655790 	 0.0000000000
1743 	 0.3989501308 	 0.0533263292 	 0.0000000000
1744 	 0.3989501308 	 0.0635675467 	 0.0000000000
1745 	 0.3989501308 	 0.0611588229 	 0.0000000000
1746 	 0.3989501308 	 0.0894653341 	 0.0000000000
1747 	 0.3989501308 	 0.0608151952 	 0.0000000000
1748 	 0.3989501308 	 0.0558571620 	 0.0000000000
1749 	 0.3989501308 	 0.0675262290 	 0.0000000000
1750 	 0.3989501308 	 0.0597865799 	 0.0000000000
1751 	 0.3989501308 	 0.0598350086 	 0.0000000000
1752 	 0.3989501308 	 0.0457075722 	 0.0000000000
1753 	 0.3989501308 	 0.0518493207 	 0.0000000000
1754 	 0.3989501308 	 0.0402262274 	 0.0000000000
1755 	 0.3989501308 	 0.0617738733 	 0.0000000000
1756 	 0.3996056700 	 0.0665447652 	 0.0000000000
1757 	 0.3996056700 	 0.0572988172 	 0.0000000000
1758 	 0.3996056700 	 0.0630284561 	 0.0000000000
1759 	 0.3996056700 	 0.0574155576 	 0.0000000000
1760 	 0.3996056700 	 0.0592558110 	 0.0000000000
1761 	 0.3996056700 	 0.0583319603 	 0.0000000000
1762 	 0.3996056700 	 0.0535171783 	 0.0000000000
1763 	 0.3996056700 	 0.0541840024 	 0.0000000000
1764 	 0.3996056700 	 0.0476683857 	 0.0000000000
1765 	 0.3996482032 	 0.0690543645 	 0.0000000000
1766 	 0.3996482032 	 0.0488315027 	 0.0000000000
1767 	 0.3996482032 	 0.0680493996 	 0.0000000000
1768 	 0.3996482032 	 0.0473248302 	 0.0000000000
1769 	 0.3996482032 	 0.0436966700 	 0.0000000000
1770 	 0.3996482032 	 0.0524364453 	 0.0000000000
1771 	 0.3996482032 	 0.0430497147 	 0.0000000000
1772 	 0.3996482032 	 0.0548060353 	 0.0000000000
1773 	 0.3996482032 	 0.0532159480 	 0.0000000000
1774 	 0.3996482032 	 0.0474114880 	 0.0000000000
1775 	 0.3996482032 	 0.0577969919 	 0.0000000000
1776 	 0.3996482032 	 0.0539402971 	 0.0000000000
1777 	 0.3996482032 	 0.0744433060 	 0.0000000000
1778 	 0.3996482032 	 0.0581508491 	 0.0000000000
1779 	 0.3996482032 	 0.0654596537 	 0.0000000000
1780 	 0.3996482032 	 0.0594840157 	 0.0000000000
1781 	 0.3996482032 	 0.0593411332 	 0.0000000000
1782 	 0.3996482032 	 0.0523066001 	 0.0000000000
1783 	 0.3996482032 	 0.0468945610 	 0.0000000000
1784 	 0.3996482032 	 0.0424991088 	 0.0000000000
1785 	 0.3996482032 	 0.0569889735 	 0.0000000000
1786 	 0.3996482032 	 0.0544744746 	 0.0000000000
1787 	 0.3996482032 	 0.0441121302 	 0.0000000000
1788 	 0.3996482032 	 0.0707654536 	 0.0000000000
1789 	 0.3996482032 	 0.0618446568 	 0.0000000000
1790 	 0.3996482032 	 0.0559705114 	 0.0000000000
1791 	 0.3996482032 	 0.0809750228 	 0.0000000000
1792 	 0.3996482032 	 0.0531762984 	 0.0000000000
1793 	 0.3996482032 	 0.0804154627 	 0.0000000000
1794 	 0.3996482032 	 0.0513717848 	 0.0000000000
1795 	 0.3996482032 	 0.0541288111 	 0.0000000000
1796 	 0.3996482032 	 0.0595626624 	 0.0000000000
1797 	 0.3996482032 	 0.0623556946 	 0.0000000000
1798 	 0.3996482032 	 0.0505699099 	 0.0000000000
1799 	 0.3996482032 	 0.0477137524 	 0.0000000000
1800 	 0.3996482032 	 0.0536319745 	 0.0000000000
1801 	 0.3996482032 	 0.0470849915 	 0.0000000000
1802 	 0.3996482032 	 0.0635958811 	 0.0000000000
1803 	 0.3996482032 	 0.0604329041 	 0.0000000000
1804 	 0.3996482032 	 0.0556650337 	 0.0000000000
1805 	 0.3996482032 	 0.0751195262 	 0.0000000000
1806 	 0.3996482032 	 0.0557277063 	 0.0000000000
1807 	 0.3998905624 	 0.0648963443 	 0.0000000000
1808 	 0.3998905624 	 0.0676752042 	 0.0000000000
1809 	 0.3998905624 	 0.0701484785 	 0.0000000000
1810 	 0.3998905624 	 0.0558107631 	 0.0000000000
1811 	 0.3998905624 	 0.0682903404 	 0.0000000000
1812 	 0.3998905624 	 0.0512963797 	 0.0000000000
1813 	 0.3998905624 	 0.0583484440 	 0.0000000000
1814 	 0.3998905624 	 0.0679589131 	 0.0000000000
1815 	 0.3998905624 	 0.0577624265 	 0.0000000000
1816 	 0.3998905624 	 0.0583230298 	 0.0000000000
1817 	 0.3998905624 	 0.0581458285 	 0.0000000000
1818 	 0.3998905624 	 0.0662737240 	 0.0000000000
1819 	 0.3998905624 	 0.0521977668 	 0.0000000000
1820 	 0.3998905624 	 0.0559910828 	 0.0000000000
1821 	 0.3998905624 	 0.0446162222 	 0.0000000000
1822 	 0.3998905624 	 0.0692326274 	 0.0000000000
1823 	 0.3998905624 	 0.0654162500 	 0.0000000000
1824 	 0.3998905624 	 0.0425978335 	 0.0000000000
1825 	 0.3998905624 	 0.0679673480 	 0.0000000000
1826 	 0.3998905624 	 0.0619679013 	 0.0000000000
1827 	 0.3998905624 	 0.0648979828 	 0.0000000000
1828 	 0.3998905624 	 0.0431700396 	 0.0000000000
1829 	 0.3998905624 	 0.0624921666 	 0.0000000000
1830 	 0.3998905624 	 0.0567803031 	 0.0000000000
1831 	 0.3998905624 	 0.0658629069 	 0.0000000000
1832 	 0.3998905624 	 0.0505825106 	 0.0000000000
1833 	 0.3998905624 	 0.0566546216 	 0.0000000000
1834 	 0.3998905624 	 0.0522657386 	 0.0000000000
1835 	 0.3998905624 	 0.0586168870 	 0.0000000000
1836 	 0.3998905624 	 0.0707552980 	 0.0000000000
1837 	 0.3998905624 	 0.0776071500 	 0.0000000000
1838 	 0.3998905624 	 0.0544986700 	 0.0000000000
1839 	 0.3998905624 	 0.0672541977 	 0.0000000000
1840 	 0.3998905624 	 0.0633758687 	 0.0000000000
1841 	 0.3998905624 	 0.0602740254 	 0.0000000000
1842 	 0.3998905624 	 0.0501367676 	 0.0000000000
1843 	 0.3998905624 	 0.0571141926 	 0.0000000000
1844 	 0.3998905624 	 0.0640489696 	 0.0000000000
1845 	 0.3998905624 	 0.0676042203 	 0.0000000000
1846 	 0.3998905624 	 0.0565155624 	 0.0000000000
1847 	 0.3998905624 	 0.0666711466 	 0.0000000000
1848 	 0.3998905624 	 0.0714930529 	 0.0000000000
1849 	 0.3998905624 	 0.0558026339 	 0.0000000000
1850 	 0.3998905624 	 0.0533011250 	 0.0000000000
1851 	 0.3998905624 	 0.0510136598 	 0.0000000000
1852 	 0.3998905624 	 0.0605016811 	 0.0000000000
1853 	 0.3998905624 	 0.0675867317 	 0.0000000000
1854 	 0.3998905624 	 0.0747319563 	 0.0000000000
1855 	 0.3998905624 	 0.0534909344 	 0.0000000000
1856 	 0.3998905624 	 0.0622082347 	 0.0000000000
1857 	 0.3998905624 	 0.0617968820 	 0.0000000000
1858 	 0.3998905624 	 0.0638189241 	 0.0000000000
1859 	 0.3998905624 	 0.0573415716 	 0.0000000000
1860 	 0.3998905624 	 0.0912625994 	 0.0000000000
1861 	 0.3998905624 	 0.0750347129 	 0.0000000000
1862 	 0.3998905624 	 0.0604903293 	 0.0000000000
1863 	 0.3998905624 	 0.0609407480 	 0.0000000000
1864 	 0.3998905624 	 0.0619201853 	 0.0000000000
1865 	 0.3998905624 	 0.0552553331 	 0.0000000000
1866 	 0.3998905624 	 0.0638494989 	 0.0000000000
1867 	 0.4001062289 	 0.0505712908 	 0.0000000000
1868 	 0.4001062289 	 0.0559776616 	 0.0000000000
1869 	 0.4001062289 	 0.0722556001 	 0.0000000000
1870 	 0.4001062289 	 0.0444472164 	 0.0000000000
1871 	 0.4001062289 	 0.0656397728 	 0.0000000000
1872 	 0.4001062289 	 0.0447212962 	 0.0000000000
1873 	 0.4001062289 	 0.0688203829 	 0.0000000000
1874 	 0.4001062289 	 0.0619837454 	 0.0000000000
1875 	 0.4001062289 	 0.0607233222 	 0.0000000000
1876 	 0.4001062289 	 0.0686837690 	 0.0000000000
1877 	 0.4001062289 	 0.0599707754 	 0.0000000000
1878 	 0.4001062289 	 0.0452357487 	 0.0000000000
1879 	 0.4001062289 	 0.0720499804 	 0.0000000000
1880 	 0.4001062289 	 0.0624902516 	 0.0000000000
1881 	 0.4001062289 	 0.0472357394 	 0.0000000000
1882 	 0.4001062289 	 0.0579580482 	 0.0000000000
1883 	 0.4001062289 	 0.0782945023 	 0.0000000000
1884 	 0.4001062289 	 0.0467960642 	 0.0000000000
1885 	 0.4001062289 	 0.0542270828 	 0.0000000000
1886 	 0.4001062289 	 0.0533569498 	 0.0000000000
1887 	 0.4001062289 	 0.0451485190 	 0.0000000000
1888 	 0.4001062289 	 0.0753015801 	 0.0000000000
1889 	 0.4001062289 	 0.0571185124 	 0.0000000000
1890 	 0.4001062289 	 0.0721361070 	 0.0000000000
1891 	 0.4001062289 	 0.0549255860 	 0.0000000000
1892 	 0.4001062289 	 0.0612024107 	 0.0000000000
1893 	 0.4001062289 	 0.0648912273 	 0.0000000000
1894 	 0.4001062289 	 0.0521030950 	 0.0000000000
1895 	 0.4001062289 	 0.0536250702 	 0.0000000000
1896 	 0.4001062289 	 0.0583922965 	 0.0000000000
1897 	 0.4001062289 	 0.0588812775 	 0.0000000000
1898 	 0.4001062289 	 0.0511121630 	 0.0000000000
1899 	 0.4001062289 	 0.0608942666 	 0.0000000000
1900 	 0.4001062289 	 0.0762323676 	 0.0000000000
1901 	 0.4001062289 	 0.0571731476 	 0.0000000000
1902 	 0.4001062289 	 0.0561324872 	 0.0000000000
1903 	 0.4001062289 	 0.0542275469 	 0.0000000000
1904 	 0.4001062289 	 0.0617904067 	 0.0000000000
1905 	 0.4001062289 	 0.0563214640 	 0.0000000000
1906 	 0.4001062289 	 0.0574866633 	 0.0000000000
1907 	 0.4001062289 	 0.0837875949 	 0.0000000000
1908 	 0.4001062289 	 0.0651016969 	 0.0000000000
1909 	 0.4001062289 	 0.0439398967 	 0.0000000000
1910 	 0.4001062289 	 0.0650465710 	 0.0000000000
1911 	 0.4001062289 	 0.0407785255 	 0.0000000000
1912 	 0.4001062289 	 0.0596748575 	 0.0000000000
1913 	 0.4001062289 	 0.0668218404 	 0.0000000000
1914 	 0.4001062289 	 0.0618291703 	 0.0000000000
1915 	 0.4001062289 	 0.0561575691 	 0.0000000000
1916 	 0.4001062289 	 0.0726147650 	 0.0000000000
1917 	 0.4001062289 	 0.0519727624 	 0.0000000000
1918 	 0.4001062289 	 0.0444795900 	 0.0000000000
1919 	 0.4001062289 	 0.0628600458 	 0.0000000000
1920 	 0.4001062289 	 0.0586721579 	 0.0000000000
1921 	 0.4001062289 	 0.0605029432 	 0.0000000000
1922 	 0.4001062289 	 0.0463364716 	 0.0000000000
1923 	 0.4001062289 	 0.0478868192 	 0.0000000000
1924 	 0.4001062289 	 0.0533780056 	 0.0000000000
1925 	 0.4001062289 	 0.0604559237 	 0.0000000000
1926 	 0.4001062289 	 0.0658249150 	 0.0000000000
1927 	 0.4001062289 	 0.0464658530 	 0.0000000000
1928 	 0.4001062289 	 0.0628467691 	 0.0000000000
1929 	 0.4001062289 	 0.0543875195 	 0.0000000000
1930 	 0.4001062289 	 0.0483338120 	 0.0000000000
1931 	 0.4001062289 	 0.0472911036 	 0.0000000000
1932 	 0.4001062289 	 0.0577454798 	 0.0000000000
1933 	 0.4001062289 	 0.0654515168 	 0.0000000000
1934 	 0.4001062289 	 0.0511223649 	 0.0000000000
1935 	 0.4001062289 	 0.0596846365 	 0.0000000000
1936 	 0.4001062289 	 0.0589108862 	 0.0000000000
1937 	 0.4001062289 	 0.0535797903 	 0.0000000000
1938 	 0.4001062289 	 0.0651742599 	 0.0000000000
1939 	 0.4001062289 	 0.0504309076 	 0.0000000000
1940 	 0.4001062289 	 0.0433692282 	 0.0000000000
1941 	 0.4001062289 	 0.0634103597 	 0.0000000000
1942 	 0.4001062289 	 0.0466216227 	 0.0000000000
1943 	 0.4001062289 	 0.0520341858 	 0.0000000000
1944 	 0.4001062289 	 0.0561725577 	 0.0000000000
1945 	 0.4001062289 	 0.0569459462 	 0.0000000000
1946 	 0.4001062289 	 0.0648371771 	 0.0000000000
1947 	 0.4001062289 	 0.0698511963 	 0.0000000000
1948 	 0.4001062289 	 0.0601231241 	 0.0000000000
1949 	 0.4001062289 	 0.0576514779 	 0.0000000000
1950 	 0.4001062289 	 0.0500999094 	 0.0000000000
1951 	 0.4001062289 	 0.0501719673 	 0.0000000000
1952 	 0.4001062289 	 0.0528730447 	 0.0000000000
1953 	 0.4001062289 	 0.0598615366 	 0.0000000000
1954 	 0.4001062289 	 0.0951218615 	 0.0000000000
1955 	 0.4001062289 	 0.0609350306 	 0.0000000000
1956 	 0.4001062289 	 0.0699314866 	 0.0000000000
1957 	 0.4001062289 	 0.0577806627 	 0.0000000000
1958 	 0.4001062289 	 0.0619067106 	 0.0000000000
1959 	 0.4001062289 	 0.0458194756 	 0.0000000000
1960 	 0.4001062289 	 0.0701676320 	 0.0000000000
1961 	 0.4001062289 	 0.0674394038 	 0.0000000000
1962 	 0.4001062289 	 0.0619150689 	 0.0000000000
1963 	 0.4001062289 	 0.0504170697 	 0.0000000000
1964 	 0.4001062289 	 0.0479835129 	 0.0000000000
1965 	 0.4001062289 	 0.0484689208 	 0.0000000000
1966 	 0.4001062289 	 0.0498988396 	 0.0000000000
1967 	 0.4001062289 	 0.0530449360 	 0.0000000000
1968 	 0.4001062289 	 0.0686145307 	 0.0000000000
1969 	 0.4001062289 	 0.0549406837 	 0.0000000000
1970 	 0.4001062289 	 0.0538401559 	 0.0000000000
1971 	 0.4001062289 	 0.0635969594 	 0.0000000000
1972 	 0.4001062289 	 0.0672863410 	 0.0000000000
1973 	 0.4001062289 	 0.0484064421 	 0.0000000000
1974 	 0.4001062289 	 0.0763488297 	 0.0000000000
1975 	 0.4001062289 	 0.0632074812 	 0.0000000000
1976 	 0.4001062289 	 0.0634338796 	 0.0000000000
1977 	 0.4001062289 	 0.0437061625 	 0.0000000000
1978 	 0.4001062289 	 0.0637858029 	 0.0000000000
1979 	 0.4001062289 	 0.0842294862 	 0.0000000000
1980 	 0.4001062289 	 0.0626855594 	 0.0000000000
1981 	 0.4001062289 	 0.0709497938 	 0.0000000000
1982 	 0.4001062289 	 0.0579806676 	 0.0000000000
1983 	 0.4001062289 	 0.0424479958 	 0.0000000000
1984 	 0.4001062289 	 0.0476808703 	 0.0000000000
1985 	 0.4001062289 	 0.0538606557 	 0.0000000000
1986 	 0.4001062289 	 0.0508123503 	 0.0000000000
1987 	 0.4001062289 	 0.0583654717 	 0.0000000000
1988 	 0.4001062289 	 0.0626308833 	 0.0000000000
1989 	 0.4001062289 	 0.0484201264 	 0.0000000000
1990 	 0.4001062289 	 0.0558643439 	 0.0000000000
1991 	 0.4001062289 	 0.0565756832 	 0.0000000000
1992 	 0.4001062289 	 0.0643469881 	 0.0000000000
1993 	 0.4001062289 	 0.0682017758 	 0.0000000000
1994 	 0.4001062289 	 0.0524088030 	 0.0000000000
1995 	 0.4001062289 	 0.0489263535 	 0.0000000000
1996 	 0.4001062289 	 0.0637981366 	 0.0000000000
1997 	 0.4001062289 	 0.0706999628 	 0.0000000000
1998 	 0.4001062289 	 0.0560513810 	 0.0000000000
1999 	 0.4001062289 	 0.0684314773 	 0.0000000000
2000 	 0.4001062289 	 0.0438084536 	 0.0000000000
###############################################################
## Evolution ended on Sun Jun  6 21:47:33 2021
## Reason: Evolved till last generation 2000
## The best individual was found in generation 1867 (fitness: 0.40010623)
###############################################################
